    1  clear
    2  vi ~/.zshrc
    3  cat ~/.zshrc | grep ZSH_THEME
    4  cat ~/.zshrc | grep ZSH_THEME |-v #
    5  cat ~/.zshrc | grep ZSH_THEME |grep -vv #
    6  cat ~/.zshrc | grep ZSH_THEME |grep -v #
    7  cat ~/.zshrc | grep ZSH_THEME |grep -v "#"
    8  clear
    9  cat ~/.zshrc | grep ZSH_THEME |grep -v "#"
   10  cat ~/.zshrc
   11  cat config
   12  clar
   13  clear
   14  cat config
   15  clear
   16  cat ~/.zshrc | grep ZSH_THEME |grep -v "#"
   17  cat ~/.zshrc 
   18  cd
   19  clear
   20  vi .zshrc
   21  wc -l .zshrc
   22  clear
   23  cat ~/.zshrc | grep ZSH_THEME
   24  cat ~/.zshrc | grep ZSH_THEME |grep -v "#"
   25  clar
   26  cleear
   27  clear
   28  cat ~/.zshrc | grep ZSH_THEME | grep -v "#"
   29  vi .zshrc
   30  clear
   31  vi .zshrc
   32  view .zshrc
   33  cat ~/.zshrc | grep ZSH_THEME | grep -v "#"
   34  cat ~/.ssh/config
   35  source ~/.zshrc
   36  ls -l
   37  ls -al
   38  cler
   39  clear
   40  ls
   41  mkdir code
   42  cd code
   43  mkdir test
   44  cd test
   45  git init
   46  clear
   47  cd
   48  clear
   49  rm -rf code
   50  clear
   51  pwd
   52  id
   53  mkdir code
   54  mkdir app
   55  cd code
   56  pwd
   57  mkdir gittest
   58  mddir gittest2
   59  mkdir gittest2
   60  clear
   61  pwd
   62  ls
   63  cd gittest
   64  git init
   65  clear
   66  cd ..
   67  sudo apt update git
   68  sudo apt update
   69  celar
   70  clear
   71  git version
   72  cd gittest2
   73  git init
   74  sudo apt-get install git -y
   75  git version
   76  sudo add-apt-repository ppa:git-core/ppa -y
   77  sudo apt-get update
   78  git version
   79  sudo apt-get install git -y
   80  git version
   81  clera
   82  cd
   83  clear
   84  git config --global core.editor "vim"
   85  git version
   86  cd code
   87  ls
   88  mkdir gittest3
   89  cd gittest3
   90  clear
   91  git init
   92  clear
   93  git config --global init.defaultBranch main
   94  cd
   95  ls
   96  cat .gitconfig
   97  clear
   98  cat ~/.gitconfig
   99  cd code
  100  mkdir gittest4
  101  cd gittest4
  102  ls
  103  git init
  104  cd
  105  clear
  106  cd code/bhanwha.github.io
  107  ls
  108  git init
  109  clear
  110  git status
  111  clear
  112  ls
  113  tree
  114  sudo apt install tree
  115  clear
  116  ls
  117  ls -l
  118  ls -al
  119  ls -a
  120  ls -l
  121  clear
  122  ls -l
  123  ls -al
  124  tree
  125  tree .git
  126  clear
  127  tree .git
  128  clear
  129  top
  130  clear
  131  top
  132  htop
  133  clear
  134  git status
  135  clear
  136  git add .
  137  git status
  138  \\ngit commit -m "first commit"
  139  git config user.email beyondhanwha@gmail.com
  140  git config user.name bhanwha
  141  git commit -m "first commit"\ngit commit -m "first commit"
  142  git status
  143  ls
  144  clear
  145  ls -a
  146  cd .git
  147  ls
  148  view config
  149  cd ../
  150  cat .git/config
  151  git remote add origin git@github.com:bhanwha/bhanwha.github.io.git
  152  cat .git/config
  153  git push -u origin main
  154  clear
  155  cd
  156  cd code
  157  ls
  158  rm -rf gittest  gittest2  gittest3  gittest4
  159  ls
  160  cd bhanwha.github.io
  161  ls
  162  ls -a
  163  cd .git
  164  ls
  165  cd ../
  166  git log
  167  clear
  168  ls -al
  169  clear
  170  \\ngit branch 0.1.0/tag-a
  171  cd .git
  172  ls
  173  cd branches
  174  ls
  175  ls -al
  176  cd ../
  177  ls
  178  cd ../
  179  ls
  180  clear
  181  \\ngit branch
  182  clear
  183  \\ngit branch
  184  \\ngit checkout 0.1.0/tag-a
  185  bash
  186  \\nvi ChangeLog.md
  187  \\ngit status
  188  \\ngit add ChangeLog.md
  189  git commit -m "start 0.1.0"
  190  \\ngit push
  191  git push --set-upstream origin 0.1.0/tag-a
  192  cd .ssh
  193  ls
  194  cat id_rsa_beyondhanwha.pub
  195  cat config
  196  vi config
  197  cd code
  198  ls
  199  cd bhanwha.github.io
  200  ls
  201  ls -a
  202  vi .git/config
  203  vi ~/.ssh/config
  204  cat ~/.ssh/config
  205  vi config
  206  clear
  207  ls
  208  cp config config.b.230122.1
  209  vi config
  210  git pull
  211  ls
  212  mv config config.err
  213  cp config.b.230122.1 config
  214  git pull
  215  sudo -
  216  sudo - root
  217  sudo su -
  218  git push
  219  clear
  220  \\ngit pull
  221  \\ngit checkout -
  222  clear
  223  git pull
  224  \\ngit branch 0.1.1/test-pr
  225  git checkokut 0.1.1/test-pr
  226  git checkoutt 0.1.1/test-pr
  227  clear
  228  \\ngit checkout 0.1.1/test-pr
  229  vi ChangeLog.md
  230  git add .
  231  git status
  232  git commit -m "test PR"
  233  git puhs
  234  git push
  235  git checkout -
  236  git branch
  237  git branch 0.1.1/study-PR
  238  git checkout 0.1.1/study-PR
  239  clear
  240  git status
  241  ls
  242  vi ChangeLog.md
  243  git status
  244  git add .
  245  git status
  246  cat ChangeLog.md
  247  pwd
  248  ls -a
  249  view .gitconfig
  250  git commit -a
  251  git push
  252  git branch main
  253  git checkout main
  254  git pull
  255  git branch 0.1.0/tag-a
  256  git checkout 0.1.0/tag-a
  257  clear
  258  git pull
  259  touch a.htm
  260  vi log.log
  261  touch log.log
  262  cat log.log
  263  q!
  264  ls
  265  ls -l
  266  rm log.log
  267  ls
  268  clear
  269  ls
  270  ls -l
  271  ls
  272  cat a.htm
  273  clear
  274  \\ngit status
  275  \\ngit add a.htm
  276  \\ngit commit -m "네이버 초기화면으로 이동하는 링크가 있는 웹페이지 작성"
  277  \\ngit push
  278  cat .git/config
  279  clear
  280  \\ngit pull
  281  \\nvi a.htm
  282  git add .
  283  git commit -a
  284  git push
  285  sudo apt-get install apache2
  286  cd /etc/init.d
  287  ls
  288  vi apache2
  289  sudo service apache start
  290  sudo systemctl restart apache2
  291  history
  292  sudo apt-get uninstall apache2
  293  sudo apt-get remove apache2
  294  history
  295  cd
  296  clear
  297  cd
  298  mkdir code2
  299  cd code2
  300  git clone git@github.com:bhanwha/bhanwha.github.io.git
  301  ls
  302  cd bhanwha.github.io
  303  ls -l
  304  git branch -r
  305  \\ngit checkout -t 0.1.0/tag-a
  306  git branch -r
  307  git pull
  308  git checkokut -t origin/0.1.0/tag-a
  309  git checkout -t origin/0.1.0/tag-a
  310  ls
  311  python 
  312  python
  313  clear
  314  history
  315  clear
  316  \\nsudo apt install apache2
  317  view /etc/apache2/apache2.conf
  318  cd /etc/apache2
  319  ls
  320  vi sites-available
  321  cd /var/cache/apache2
  322  ls
  323  cd ../
  324  ls
  325  cd ../
  326  ls
  327  cd www
  328  ls
  329  cd html
  330  ls
  331  vi index.html
  332  clear
  333  pwd
  334  ls
  335  view index.html
  336  cd /etc/apache2/
  337  pwd
  338  ls -l
  339  clear
  340  ls -l
  341  cd sites-enabled
  342  ls
  343  vi 000-default.conf
  344  clear
  345  pwd
  346  ls -l
  347  sudo vi 000-default.conf
  348  sudo cp 000-default.conf 000-default.conf.b.230122.1
  349  vi 000-default.conf
  350  sudo vi 000-default.conf
  351  cd code2/bhanwha.github.io
  352  pwd
  353  sudo systemctl status apache2
  354  sudo systemctl stop apache2
  355  sudo systemctl start apache2
  356  cd code
  357  ls
  358  curl http://localhost
  359  sudo systemctl restart apache2
  360  ls
  361  cd ../
  362  ls
  363  vi apache2.conf
  364  sudo vi apache2.conf
  365  sudo systemctl restart apache2
  366  sudo systemctl status apache2
  367  sudo vi apache2.conf
  368  sudo systemctl status apache2
  369  sudo systemctl restart apache2
  370  cd ../code
  371  ls
  372  chmod 644 bhanwha.github.io
  373  chmod 644 -R bhanwha.github.io
  374  sudo chmod 644 -R bhanwha.github.io
  375  cd ../
  376  ls
  377  cd code2
  378  ls
  379  sudo chmod 644 -R bhanwha.github.io
  380  sudo systemctl restart apache2
  381  sudo vi apache2.conf
  382  sudo cp apache2.conf apache2.conf.b.230122.1
  383  sudo vi apache2.conf
  384  sudo systemctl restart apache2
  385  cd code2
  386  ls
  387  chmod 755 -R bhanwha.github.io
  388  ls
  389  cd ../
  390  ls
  391  cd
  392  ls
  393  cd /var/www
  394  ls
  395  sudo cp -rf /home/nori/code2/bhanwha.github.io .
  396  ls
  397  cd bhanwha.github.io
  398  pwd
  399  ls -l
  400  ls
  401  cd sites-available
  402  ls
  403  vi 000-default.conf
  404  sudo vi 000-default.conf
  405  history
  406  sudo systemctl restart apache2
  407  ls
  408  cd ../
  409  ls
  410  rm apache2.conf
  411  sudo rm apache2.conf
  412  sudo mv apache2.conf.b.230122.1 apache2.conf
  413  sudo vi apache2.conf
  414  sudo systemctl restart apache2
  415  pwd
  416  clear
  417  ls
  418  cd sites-available
  419  pwd
  420  sudo vi /etc/apache2/sites-available/000-default.conf
  421  clear
  422  pwd
  423  ls
  424  cd bhanwha.github.io
  425  clear
  426  ls -al
  427  clear
  428  pwd
  429  \\ncd /var/www
  430  ls
  431  ls -l
  432  ls -l /home/nori/code2/bhanwha.github.io
  433  rm -rf bhanwha.github.io
  434  sudo rm -rf bhanwha.github.io
  435  clear
  436  cd code2/bhanwha.github.io
  437  pwd
  438  cd /var/www
  439  pwd
  440  sudo cp -rf /home/nori/code2/bhanwha.github.io .
  441  cd ../
  442  ls -l www
  443  cd www
  444  ls
  445  history
  446  cd ../
  447  ls
  448  cd
  449  ls
  450  cd /var/www
  451  ls
  452  sudo cp -rf /home/nori/code2/bhanwha.github.io .
  453  pwd
  454  PS1="$ "
  455  pwd
  456  sudo cp -rf /home/nori/code2/bhanwha.github.io .
  457  exit
  458  cd /etc/apache2/ls
  459  cd /etc/apache2
  460  ls
  461  vi apache2.conf
  462  cd sites-available
  463  ls
  464  vi 000-default.conf
  465  ls
  466  rm -rf code2
  467  ls
  468  cd code
  469  cd bhanwha.github.io
  470  ls -l
  471  sudo chown nori:nori  bhanwha.github.io
  472  cd bhanwha.github.io
  473  chmod 777 -R bhanwha.github.io
  474  cd bhanwha.github.io
  475  clear
  476  git status
  477  git checkout main
  478  git add .
  479  git commit -m "temp"
  480  clear
  481  \\ngit checkout main
  482  git pull
  483  clear
  484  git pull
  485  \\ngit branch 0.2.0/search-console
  486  \\ngit checkout 0.2.0/search-console
  487  \\ngit status
  488  \\nrm  google36a55bbb225f75ff.html:Zone.Identifier
  489  git status
  490  \\nvi ChangeLog.md
  491  git status
  492  git add .
  493  git commit -a
  494  git push
  495  git checkout -
  496  git pull
  497  git branch 0.3.0/naver-searchadvisor
  498  git checkout 0.3.0/naver-searchadvisor
  499  clear
  500  git status
  501  rm naver8ae28200c3bfdb77c6141ab970c6afd2.html:Zone.Identifier
  502  git status
  503  vi ChangeLog.md
  504  git add .
  505  git commit -a
  506  git push
  507  clear
  508  git checkout main
  509  git pull
  510  git branch 0.4.0/SEO-NAVER
  511  git checkout 0.4.0/SEO-NAVER
  512  clear
  513  vi ChangeLog.md
  514  cat ChangeLog.md
  515  clear
  516  git status
  517  git commit -a
  518  git push
  519  history
  520  clear
  521  cd code/bhanwha.github.io
  522  ls
  523  git pull
  524  vi robots.txt
  525  git status
  526  git add robots.txt
  527  git commit -m "add robots.txt"
  528  git push
  529  git checkout main
  530  clear
  531  git pull
  532  git
  533  clear
  534  git pull
  535  git branch 0.5.0/firebase
  536  git checkout 0.5.0/firebase
  537  vi ChangeLog.md
  538  git status
  539  git add ChangeLog.md
  540  git commit -a
  541  git push
  542  clear
  543  vi index.html
  544  git status
  545  git add index.html
  546  git status
  547  git commit -m "add firebase script"
  548  clear
  549  npm install -g firebase-tools
  550  curl -sL https://firebase.tools | bash
  551  clear
  552  firebase login
  553  clear
  554  firebase init
  555  clear
  556  ls -l
  557  ls -ltr
  558  ls -a
  559  ls -al
  560  git status
  561  clear
  562  vi firebase.json
  563  firebase deploy --only hosting:bhanwha-dev
  564  vi firebase.json
  565  firebase deploy --only hosting:bhanwha-dev
  566  clear
  567  git status
  568  view firebase.json
  569  view .gitignore
  570  vi .firebase
  571  clear
  572  git add .
  573  git commit -m "deploy dev STG"
  574  git push
  575  clear
  576  vi README.txt
  577  history
  578  history | grep firebase
  579  firebase deploy
  580  clear
  581  history
  582  firebase deploy
  583  clear
  584  git pull
  585  rm README.txt
  586  git add .
  587  git commit -m "dev R.txt"
  588  git push
  589  clear
  590  git checkout -
  591  git pull
  592  clear
  593  git branch 0.6.0/css
  594  git checkout 0.6.0/css
  595  vi ChangeLog.md
  596  git add .
  597  git commit -a
  598  git push
  599  git push --set-upstream origin 0.6.0/css
  600  clear
  601  firebase deploy
  602  vi cc.html
  603  firebase deploy
  604  ls
  605  cp cc.html cc2.html
  606  vi cc2.html
  607  firebase deploy
  608  vi cc2.html
  609  firebase deploy
  610  vi cc2.html
  611  git status
  612  git add .
  613  git commit -m "CSS cascading"
  614  git branch 0.7.0/resume
  615  git checkout 0.7.0/resume
  616  vi ChangeLog.md
  617  git add .
  618  git commit -a
  619  git push
  620  git log
  621  vi resume.html
  622  firebase deploy
  623  vi resume.html
  624  git commit -m "resume temp"
  625  git add .
  626  git commit -m "resume temp"
  627  vi resume.html
  628  firebase deploy
  629  ls
  630  vi resume.html
  631  code .
  632  sudo apt install software-properties-common apt-transport-https wget -y
  633  wget -O- https://packages.microsoft.com/keys/microsoft.asc | sudo gpg --dearmor | sudo tee /usr/share/keyrings/vscode.gpg
  634  sudo apt install code
  635  cd code/bhanwha.github.io
  636  code .
  637  clear
  638  \\nvi ~/.zshrc
  639  cd code
  640  ls
  641  cd bhanwha.github.io
  642  clear
  643  pwd
  644  code .
  645  cd ../
  646  code bhanwha.github.io
  647  ls -al
  648  code bhanwha.github.io
  649  git add .
  650  git commit -m "resume + css"
  651  git push
  652  firebase deploy
  653  firebase login
  654  firebase deploy
  655  git push
  656  cd bhanwha.github.io
  657  ls
  658  vi index.html
  659  cd code
  660  code bhanwha.github.io
  661  git status
  662  git checkokut resume.html
  663  git
  664  git status
  665  git restore resume.html
  666  git push
  667  htop
  668  curl -o- https://raw.githubusercontent.com/nvm-sh/nvm/master/install.sh | bash
  669  nvm
  670  ls .nvm
  671  vi .zshrc
  672  source .zshrc
  673  nvm
  674  nvm ls
  675  nvm use node
  676  nvm install --lts
  677  nvm ls
  678  node
  679  npm
  680  which node
  681  cd code
  682  mkdir hellojs
  683  cd hellojs
  684  ls
  685  npm init
  686  ls
  687  ls -ltr
  688  ls
  689  vi index.js
  690  vi package.json
  691  vi index.js
  692  npm install -g ./
  693  vi package.json
  694  npm install -g ./
  695  cat package.json
  696  clitest
  697  cp index.js index.js.b
  698  vi index.js
  699  npm install -g ./
  700  clitest
  701  node
  702  clear
  703  node 
  704  nvm --version
  705  cd code
  706  mkdir pysatellite
  707  cd pysatellite
  708  npm init
  709  ls
  710  vi index.js
  711  cd code/hellojs
  712  ls
  713  vi package.json
  714  vi index.js
  715  ls
  716  vi index.js
  717  npm install -g ./
  718  pysatellite
  719  npm login
  720  npm publish
  721  npm ls -g
  722  npm uninstall pysatellite
  723  pysatellite
  724  cd ../
  725  pysatellite
  726  cd ../../
  727  pysatellite
  728  npm list
  729  npm list -g
  730  npm uninstall atellite@0.1.0 ->
  731  npm uninstall patellite@0.1.0
  732  npm uninstall -g patellite
  733  pysatellite
  734  npm list -g
  735  npm uninstall -g pysatellite
  736  pysatellite
  737  npm install pysatellite
  738  pysatellite
  739  npm install -g pysatellite
  740  pysatellite
  741  cd code/pysatellite
  742  ls
  743  vi package.json
  744  vi README.md
  745  npm publish
  746  vi README.md
  747  vi package.json
  748  npm publish
  749  nvm install --lts
  750  nvm install node
  751  nvm -version
  752  nvm --version
  753  nvm ls
  754  node
  755  node ls
  756  nvm ls
  757  nvm use v20.11.0
  758  node
  759  vi README.md
  760  vi package.json
  761  npm publish
  762  clear
  763  npm i pysatellite
  764  pysatellite
  765  npm i -g pysatellite
  766  view /home/nori/.zshrc
  767  clear
  768  source .zshrc
  769  nvm
  770  node
  771  source .zshrc
  772  ls
  773  rm -rf node_modules package-lock.json package.json
  774  cd code/pysatellite
  775  ls
  776  vi package.json
  777  npm publish
  778  vi package.json
  779  npm publish
  780  vi README.md
  781  LS
  782  tree
  783  ls
  784  cd ../
  785  mkdir temp
  786  cd temp
  787  ls
  788  npm init
  789  ls
  790  cd ../
  791  ls
  792  cd pysatellite
  793  ls
  794  ls -l
  795  ls
  796  vi .gitignore
  797  git init
  798  git status
  799  git add .
  800  git commit -m "init"
  801  git config user.email "beyondhanwha@gmail.com"
  802  git config user.name "bhanwha"
  803  git commit -m "init"
  804  git remote add origin git@github.com:bhanwha/pysatellite.git
  805  git push
  806  node 
  807  ls
  808  git pull
  809  git branch 0.6.0/Hubble
  810  git checkout 0.6.0/
  811  git checkout 0.6.0/Hubble
  812  vi package.json
  813  git add .
  814  git commit -a
  815  git push
  816  git checkout main
  817  ls
  818  clear
  819  ls
  820  ls -l
  821  vi .gitignore
  822  ls
  823  vi package.json
  824  vi index.js
  825  npm install -g ./
  826  npm uninstall -g ./
  827  pysatellite
  828  npm uninstall -g pysatellite
  829  pysatellite
  830  npm install -g ./
  831  npm list -g
  832  pysatellite
  833  node index.js
  834  cp index.js i.js
  835  vi i.js
  836  node i.js
  837  rm i.js
  838  clear
  839  git branch 0.1.1/fdeploy
  840  git checkout 0.1.1/fdeploy
  841  vi package.json
  842  git status
  843  git restore package.json
  844  clear
  845  vi package.json
  846  git status
  847  git add package.json
  848  clear
  849  ls
  850  tree
  851  clear
  852  ls
  853  npm i -g ./
  854  npm list -g
  855  npm uninstall -g atellite
  856  npm uninstall -g pysatellite
  857  npm list -g
  858  pysatellite
  859  clear
  860  node index.js
  861  clear
  862  npm i -g ./
  863  npm list -g
  864  git commit -a
  865  git push
  866  git push --set-upstream origin 0.1.1/fdeploy
  867  PS="$ "
  868  PS1="$ "
  869  clear
  870  npm login
  871  npm publish
  872  vi index.js
  873  node index.js
  874  vi index.js
  875  node index.js
  876  ls
  877  cp index.js ~/
  878  git status
  879  git checkout index.js
  880  git status
  881  exit
  882  cd code
  883  ls
  884  cd pysatellite
  885  ls
  886  vi index.js
  887  node index.js
  888  git status
  889  git checkout index.js
  890  git checkout -
  891  git pull
  892  git branch
  893  git checkout 0.6.0/Hubble
  894  git status
  895  mv ~/index.js .
  896  node index.js
  897  vi README.md
  898  npm list -g
  899  npm uninstall -g pysatellite
  900  npm i -g ./
  901  pysatellite
  902  npm publish
  903  git add .
  904  git commit -m "ascii art"
  905  git push
  906  git checkout main
  907  clear
  908  npm i -g coffeer
  909  coffeer
  910  git pull
  911  git branch 0.7.0/random-names
  912  git checkout 0.7.0/random-names
  913  vi package.json
  914  git add .
  915  git commit -a
  916  git push
  917  git push --set-upstream origin 0.7.0/random-names
  918  ls
  919  vi index.js
  920  code .
  921  git status
  922  git checkokut index.js
  923  git checkout index.js
  924  ls
  925  vi index.js
  926  node index.js
  927  node index.js a b c
  928  node index.js a b c d
  929  node index.js a b c d e
  930  node index.js a b
  931  node index.js a
  932  node index.js b
  933  node index.js a b c
  934  vi index.js
  935  node index.js 홍길동 이순신 임꺽정
  936  npm list
  937  PS1="$ "
  938  npm uninstall atellite
  939  npm uninstall pysatellite
  940  npm list
  941  npm list -g
  942  npm uninstall pysatellite
  943  npm uninstall -g pysatellite
  944  npm install -g ./
  945  pysatellite 홍길동 이순신 김유신
  946  vi index.js
  947  git status
  948  git add .
  949  git commit -m "random"
  950  npm publish
  951  htop
  952  vi s.js
  953  cat s.js
  954  tail s.js
  955  tail -n 1 s.js
  956  node s.js
  957  vi s.js
  958  LS
  959  node s.js
  960  cd code/pysatellite
  961  ls
  962  PS1="$ "
  963  clear
  964  vi s.js
  965  node s.js
  966  node ifun.js
  967  node vs1.js
  968  cp vs1.js vs2.js
  969  node vs2.js
  970  node vs1.js
  971  node vs2.js
  972  const value = 'hello!';\n\nfunction myFunction() {\n  const value = 'bye!';\n  if (true) {\n    const value = 'world';\n    console.log('block scope: ');\n    console.log(value);\n  }\n  console.log('function scope: ');\n  console.log(value);\n}\n\nmyFunction();\nconsole.log('global scope: ');\nconsole.log(value);const value = 'hello!';\n\nfunction myFunction() {\n  const value = 'bye!';\n  if (true) {\n    const value = 'world';\n    console.log('block scope: ');\n    console.log(value);\n  }\n  console.log('function scope: ');\n  console.log(value);\n}\n\nmyFunction();\nconsole.log('global scope: ');\nconsole.log(value);
  973  PS1="var $ "
  974  PS1=" let $"
  975  cd code/pysatellite
  976  node vs1.js
  977  cd code/pysatellite
  978  node vs2.js
  979  node h.js
  980  cd code/pysatellite
  981  ls
  982  vi h.js
  983  node o1.js
  984  PS1="$ "
  985  ls
  986  clear
  987  vi o1.js
  988  node o1.js
  989  vi o1.js
  990  node o2.js
  991  clear
  992  vi o2.js
  993  node o2.js
  994  vi o2.js
  995  node ob3.js
  996  vi o2.js
  997  vi q.js
  998  node q.js
  999  node
 1000  ls
 1001  clear
 1002  mkdir temp
 1003  cd temp
 1004  echo "abcdefg" > r.log
 1005  cat r.log
 1006  rev r.log
 1007  npm install -g pdh4869
 1008  npm install -g joocurtis
 1009  joocurtis 홍길동 이순신 김유신
 1010  sudo systemctl status apache2
 1011  sudo vi /etc/hosts
 1012  sudo systemctl status apache2
 1013  sudo systemctl restart apache2
 1014  cd /etc/apache2/conf
 1015  cd /etc/apache2
 1016  ls
 1017  sudo systemctl restart apache2
 1018  sudo systemctl status apache2
 1019  httpd -v
 1020  apache2 -v
 1021  cd sites-available
 1022  ls
 1023  vi 000-default.conf
 1024  sudo vi 000-default.conf
 1025  sudo systemctl restart apache2
 1026  sudo vi /etc/hosts
 1027  vi 000-default.conf
 1028  sudo apt-get install openjdk-8-jdk
 1029  java
 1030  which java
 1031  ls -l /usr/bin/java
 1032  node
 1033  cd
 1034  ls
 1035  cd code/pysatellite
 1036  vi for.js
 1037  node for.js
 1038  node
 1039  cd /etc/apache2/ls
 1040  cd /etc/apache2/
 1041  ls
 1042  cd sites-available
 1043  ls
 1044  vi my.aver.com.conf
 1045  sudo vi my.aver.com.conf
 1046  node
 1047  which
 1048  which java
 1049  sudo apt-get install openjdk-11-jdk
 1050  java
 1051  java -version
 1052  PS1="$ "
 1053  clear
 1054  java
 1055  java -version
 1056  clear
 1057  which java
 1058  which vim
 1059  which vi
 1060  ls -l 
 1061  ls -l /usr/bin/vi
 1062  ls -l /etc/alternatives/vi
 1063  ls -l /usr/bin/vim
 1064  ls -l /etc/alternatives/vim
 1065  clear
 1066  pwd
 1067  cd
 1068  pwd
 1069  clear
 1070  pwd
 1071  mkdir temp
 1072  cd temp
 1073  ls
 1074  touch original.conf
 1075  echo "aaaaaaaaaaaaaaaaaaaaaaaaaa" > original.conf
 1076  cat original.conf
 1077  echo "bbbbbbbbbbbbbbbbbbbbbbbbbbb" > original.conf
 1078  cat original.conf
 1079  echo "aaaaaaaaaaaaaaaaaaaaaaaaaa" >> original.conf
 1080  cat original.conf
 1081  ls -l
 1082  rm r.log
 1083  ls -l
 1084  echo "aaaaaaaaaaaaaaaaaaaaaaaaaa" >> original.conf
 1085  cat original.conf
 1086  ls -l
 1087  cp original.conf copy.conf
 1088  ls -l
 1089  ln -s ./original.conf link.conf
 1090  ls -l
 1091  echo "aaaaaaaaaaaaaaaaaaaaaaaaaa" >> original.conf
 1092  ls -l
 1093  echo "tttttttttttttttttttttttttttttttt" >> original.conf
 1094  PS1="$ "
 1095  clear
 1096  cd temp
 1097  ls
 1098  tail link.conf
 1099  tail -n 3 link.conf
 1100  tail -f link.conf
 1101  echo "tttttttttttttttttttttttttttttttt" >> original.conf
 1102  echo "tttttttttttttttttttttttttttttttt500" >> original.conf
 1103  echo "tttttttttttttttttttttttttttttttt300" >> original.conf
 1104  echo "tttttttttttttttttttttttttttttttt200" >> original.conf
 1105  echo "tttttttttttttttttttttttttttttttt300" >> original.conf
 1106  cat link.conf | grep 500
 1107  cat link.conf | grep 500 | wc -l
 1108  echo "tttttttttttttttttttttttttttttttt500" >> original.conf
 1109  cat link.conf | grep 500 | wc -l
 1110  echo "tttttttttttttttttttttttttttttttt500" >> original.conf
 1111  cat link.conf | grep 500 | wc -l
 1112  tail -f link.conf
 1113  clear
 1114  ls -l
 1115  rm link.conf
 1116  ls -l
 1117  clear
 1118  which java
 1119  which /usr/bin/java
 1120  ls -l /usr/bin/java
 1121  ls -l /etc/alternatives/java
 1122  vi a.sh
 1123  sh a.sh
 1124  vi ~/.zshrc
 1125  tail -n 3 ~/.zshrc
 1126  echo $JAVA_HOME
 1127  ls -l ~/.zshrc
 1128  source ~/.zshrc
 1129  ls -l ~/.zshr
 1130  ls -l ~/.zshrc
 1131  source ~/.zshrc
 1132  echo $JAVA_HOME
 1133  cd /etc/apache2/
 1134  ls
 1135  cd sites-available
 1136  ls
 1137  vi 000-default.conf my.aver.com.conf
 1138  ls
 1139  vi my.aver.com.conf
 1140  sudo vi my.aver.com.conf
 1141  cd /var/www
 1142  ls
 1143  ln -s bhanwha.github.io aver
 1144  cat /etc/apache2/sites-available/my.aver.com.conf
 1145  ln -s bhanwha.github.io aver
 1146  sudo ln -s bhanwha.github.io aver
 1147  ls -l
 1148  history | grep restart
 1149  sudo vi /etc/hosts
 1150  sudo systemctl restart apache2
 1151  curl aver.com
 1152  curl http://aver.com
 1153  curl http://my.aver.com
 1154  ls
 1155  clear
 1156  cd
 1157  cd app
 1158  PS="$ "
 1159  PS1="$ "
 1160  ce
 1161  cd
 1162  clear
 1163  pwd
 1164  cd app
 1165  pwd
 1166  mkdir ng
 1167  cd ng
 1168  ls
 1169  mkdir controller
 1170  cd controller
 1171  pwd
 1172  wget https://github.com/naver/ngrinder/releases/download/ngrinder-3.5.8-20221230/ngrinder-controller-3.5.8.war
 1173  ls -l
 1174  java -jar ngrinder-controller-3.5.8.war
 1175  cd app/ng
 1176  ls
 1177  ls -l
 1178  pwd
 1179  tar -xvf ngrinder-agent-3.5.8-localhost.tar
 1180  ls -l
 1181  tree -L 3
 1182  clear
 1183  ls -l
 1184  ls ~/temp
 1185  mv ngrinder-agent-3.5.8-localhost.tar ~/temp
 1186  mv ~/temp/ngrinder-agent-3.5.8-localhost.tar
 1187  mv ~/temp/ngrinder-agent-3.5.8-localhost.tar .
 1188  ls -l
 1189  mv ngrinder-agent-3.5.8-localhost.tar ~/temp
 1190  ls -l
 1191  clear
 1192  ls -l
 1193  cd ngrinder-agent
 1194  ls
 1195  view run_agent.bat
 1196  view run_agent.sh
 1197  ls
 1198  ls -l
 1199  vi myls.sh
 1200  ls -l
 1201  ./myls.sh
 1202  sh myls.sh
 1203  ls -l
 1204  ./run_agent.sh
 1205  ls -l
 1206  ls -la
 1207  clear
 1208  pwd
 1209  ls -al | grep ng
 1210  cd .ngrinder_agent
 1211  ls
 1212  cat pid
 1213  cd log
 1214  pwd
 1215  ls
 1216  ls -l
 1217  cat agent.log
 1218  tail -f agent.log
 1219  sudo systemctl status apache2
 1220  ifconfig -a
 1221  sudo apt install net-tools
 1222  ifconfig -a
 1223  ifconfig -a | grep inet
 1224  ifconfig -a | grep inet | grep broadcast
 1225  sudo systemctl stop apache2
 1226  cd /etc/apache2
 1227  ls
 1228  cd conf-available
 1229  ls
 1230  cd ../
 1231  cd sites-available
 1232  ls
 1233  mv 000-default.conf 000-default.conf.b
 1234  sudo mv 000-default.conf 000-default.conf. 
 1235  sudo mv 000-default.conf. 000-default.conf.back 
 1236  ls
 1237  sudo systemctl restartapache2
 1238  sudo systemctl restart apache2
 1239  sudo status restart apache2
 1240  sudo status apache2
 1241  sudo systemctl restatus apache2
 1242  sudo systemctl status apache2
 1243  ls
 1244  cd ../
 1245  ls
 1246  vi apache2.conf
 1247  ifconfig -a
 1248  clear
 1249  ifconfig -a
 1250  ifconfig -a | grep inet
 1251  ifconfig -a | grep inet | grep broadcast
 1252  ls
 1253  cd /var/www
 1254  ls
 1255  cd html
 1256  ls
 1257  vi apache2.conf
 1258  ls
 1259  vi apache2.conf
 1260  cd ../
 1261  ls
 1262  cd /var/log/
 1263  ls
 1264  cd apache2
 1265  ls
 1266  ls -ltr
 1267  tail -f other_vhosts_access.log
 1268  clear
 1269  pwd
 1270  ls -l
 1271  sudo systemctl restart apache2
 1272  sudo rm -rf *
 1273  ls
 1274  ls -l
 1275  cat error.log
 1276  ls -l
 1277  clear
 1278  ls -ltr
 1279  tail -f other_vhosts_access.log
 1280  ls
 1281  ls -ltr
 1282  tail -f other_vhosts_access.log
 1283  pwd
 1284  clear
 1285  pwd
 1286  ls -ltr
 1287  date
 1288  tail -f other_vhosts_access.log
 1289  htop
 1290  ls
 1291  ls -ltr
 1292  cat other_vhosts_access.log | grep -v 200
 1293  clear
 1294  pwd
 1295  ls -ltr
 1296  ls -ltrh
 1297  cat other_vhosts_access.log
 1298  clear
 1299  cat other_vhosts_access.log | grep -v 200
 1300  ls
 1301  cd /var/www/bhanwha.github.io
 1302  ls
 1303  cd images
 1304  ls
 1305  ls -ltr
 1306  cp /home/nori/amazing-animal-beautiful-beautifull.jpg .
 1307  sudo cp /home/nori/amazing-animal-beautiful-beautifull.jpg .
 1308  ls -ltr
 1309  ls
 1310  sudo cp /home/nori/a.jpg .
 1311  ls
 1312  cd ../
 1313  ls
 1314  cd ../
 1315  ls
 1316  cd bhanwha.github.io
 1317  ls
 1318  vi index.html
 1319  sudo vi index.html
 1320  cd ../
 1321  ls
 1322  clear
 1323  cd bhanwha.github.io
 1324  ls
 1325  vi index.html
 1326  ls
 1327  cd ../
 1328  ls
 1329  cd ../
 1330  cd /etc/apache2
 1331  ls
 1332  vi apache2.conf
 1333  cp apache2.conf apache2.conf.b
 1334  sudo cp apache2.conf apache2.conf.b
 1335  vi apache2.conf
 1336  sudo vi apache2.conf
 1337  cd sites-available
 1338  ls
 1339  vi my.aver.com.conf
 1340  ls
 1341  history | grep servi
 1342  history | grep system
 1343  sudo systemctl restart apache2
 1344  cd ../
 1345  ls
 1346  vi apache2.conf
 1347  sudo systemctl stop apache2
 1348  cd sites-available
 1349  ls
 1350  vi my.aver.com.conf
 1351  sudo vi my.aver.com.conf
 1352  sudo systemctl stop apache2
 1353  sudo systemctl start apache2
 1354  cd ../
 1355  ls
 1356  cd
 1357  cd /var/www
 1358  ls
 1359  cd bhanwha.github.io
 1360  ls
 1361  cd images
 1362  ls
 1363  ls -ltr
 1364  cd ../../
 1365  cd html
 1366  ls
 1367  cp ../bhanwha.github.io/images/a.jpg .
 1368  sudo cp ../bhanwha.github.io/images/a.jpg .
 1369  ls
 1370  vi index.html
 1371  sudo vi index.html
 1372  cd /etc/apache2
 1373  ls
 1374  apache2 --version
 1375  apache2
 1376  apache2 -v
 1377  ls
 1378  vi apache2.conf
 1379  sudo vi apache2.conf
 1380  history | grep restart
 1381  vi apache2.conf
 1382  sudo vi apache2.conf
 1383  curl http://172.19.182.28/index.html
 1384  cd /var/www
 1385  ls
 1386  cd bhanwha.github.io
 1387  pwd
 1388  cd /etc/apache2
 1389  ls
 1390  cd mods-available
 1391  ls
 1392  ls -ltr
 1393  ls
 1394  cd ../
 1395  ls
 1396  cd /var
 1397  ls
 1398  cd www/html
 1399  ls
 1400  sudo cp index.html index.html.b
 1401  sudo vi index.html
 1402  httpd
 1403  apache2
 1404  cd
 1405  ls
 1406  cd /etc/apache2
 1407  ls
 1408  vi apache2.conf
 1409  sudo vi apache2.conf
 1410  history | grep restart
 1411  sudo vi apache2.conf
 1412  sudo systemctl restart apache2
 1413  ls
 1414  vi apache2.conf
 1415  apache -V
 1416  apache2 -V
 1417  grep -r "StartServers" ./
 1418  cd mods-available
 1419  ls
 1420  ls *npm
 1421  ls mpm*
 1422  vi mpm_worker.conf
 1423  cp mpm_worker.conf
 1424  cp mpm_worker.conf mpm_worker.conf
 1425  sudo cp mpm_worker.conf mpm_worker.conf
 1426  sudo cp mpm_worker.conf mpm_worker.conf.b
 1427  vi mpm_worker.conf
 1428  sudo vi mpm_worker.conf
 1429  history | grep restart
 1430  sudo systemctl restart apache2
 1431  sudo systemctl status apache2
 1432  vi http2.conf
 1433  ls
 1434  httpd -V
 1435  grep "StartServers"
 1436  grep "StartServers" ./
 1437  grep "StartServers" 
 1438  cd ../
 1439  grep -rf "StartServers" ./
 1440  ls
 1441  grep -r "StartServers" ./
 1442  cd mods-available
 1443  apache2ctl -V | grep MPM
 1444  sudo  mpm_event.conf mpm_event.conf.b
 1445  sudo cp  mpm_event.conf mpm_event.conf.b
 1446  apache2ctl -V
 1447  sudo vi mpm_event.conf
 1448  history | grep restart
 1449  curl http://172.19.182.28/index.html
 1450  cd ../
 1451  ls
 1452  cd /var/www/html
 1453  sudo vi index.html
 1454  ls -ltrh
 1455  cd /etc/apache2
 1456  ls
 1457  cd mods-available
 1458  ls
 1459  vi *event*
 1460  ls *event*
 1461  sudo cp mpm_event.load  mpm_event.load.b
 1462  sudo vi mpm_event.load
 1463  sudo vi mpm_prefork.conf
 1464  sudo vi mpm_event.conf
 1465  cd ../
 1466  ls
 1467  vi apache2.conf
 1468  cd mods-enabled
 1469  ls
 1470  sudo cp mpm_event.conf mpm_event.conf.b
 1471  sudo vi mpm_event.conf
 1472  ls -l
 1473  ls -ltr
 1474  ls
 1475  vi mpm_event.conf
 1476  sudo vi mpm_event.conf
 1477  history | grep restart
 1478  htop
 1479  ls
 1480  clear
 1481  PWD
 1482  pwd
 1483  ls
 1484  vi mpm_event.conf
 1485  history | grep ctl
 1486  clear
 1487  history
 1488  history | grep ctl
 1489  clear
 1490  apache2ctl -V
 1491  clear
 1492  ls -l *event*
 1493  cd ../mods-available
 1494  ls *event*.conf
 1495  pwd
 1496  PS1="$ "
 1497  pwd
 1498  sudo cp mpm_event.conf mpm_event.conf.backup
 1499  sudo cp mpm_event.conf.b mpm_event.conf
 1500  sudo vi mpm_event.conf
 1501  history | grep restart
 1502  sudo systemctl restart apache2
 1503  pwd
 1504  cd ../
 1505  ls
 1506  find . -name "*mpm*"
 1507  ls
 1508  vi apache2.conf
 1509  pwd
 1510  cd sites-enabled
 1511  ls
 1512  ls -l
 1513  vi 000-default.conf
 1514  ls -ltr
 1515  ls
 1516  ln -s ../sites-available/my.aver.com.conf my.aver.com.conf
 1517  sudo ln -s ../sites-available/my.aver.com.conf my.aver.com.conf
 1518  ls -l
 1519  rm 000-default.conf
 1520  history | grep restart
 1521  sudo systemctl restart apache2
 1522  sudo systemctl status apache2
 1523  ls
 1524  pwd
 1525  cd ../
 1526  grep -rf "DocumentRoot"
 1527  grep -r "DocumentRoot"
 1528  rm -rf sites-enabled/000-default.conf.b.230122.1
 1529  sudo rm -rf sites-enabled/000-default.conf.b.230122.1
 1530  sudo systemctl status apache2
 1531  ls -l /var/www/html/aver
 1532  ls -l /var/www/
 1533  pwd
 1534  vi sites-available/my.aver.com.conf
 1535  sudo vi sites-available/my.aver.com.conf
 1536  sudo systemctl status apache2
 1537  ls
 1538  cd sites-available
 1539  ls
 1540  vi my.aver.com.conf
 1541  vi default-ssl.conf
 1542  ls
 1543  vi 000-default.conf.back
 1544  cd ../
 1545  grep -r aver
 1546  grep -r DocumentRoot
 1547  sudo systemctl stop apache2
 1548  sudo systemctl start apache2
 1549  sudo systemctl status apache2
 1550  sudo vi /etc/apache2/sites-enabled/my.aver.com.conf
 1551  sudo systemctl start apache2
 1552  sudo systemctl status apache2
 1553  ls
 1554  sudo vi /etc/apache2/sites-enabled/my.aver.com.conf
 1555  sudo systemctl start apache2
 1556  sudo systemctl status apache2
 1557  sudo vi /etc/apache2/sites-enabled/my.aver.com.conf
 1558  sudo systemctl start apache2
 1559  sudo systemctl status apache2
 1560  sudo vi /etc/apache2/sites-enabled/my.aver.com.conf
 1561  sudo systemctl status apache2
 1562  sudo systemctl start apache2
 1563  sudo systemctl status apache2
 1564  curl http://my.aver.com/
 1565  ls
 1566  sudo vi /etc/apache2/sites-enabled/my.aver.com.conf
 1567  sudo systemctl restart apache2
 1568  cd /var/log/apache2
 1569  ls
 1570  ls -ltr
 1571  ls 
 1572  ls -ltr
 1573  tail -f aver_access.log
 1574  ls
 1575  vi aver_error.log
 1576  ls -lr
 1577  ls -ltr
 1578  tail -f error.log
 1579  ls
 1580  ls -ltr
 1581  ls
 1582  ls -ltr
 1583  cd ../
 1584  ls
 1585  pwd
 1586  clear
 1587  cd /var/log/apache2
 1588  ls
 1589  ls -ltr
 1590  ls -ltr 
 1591  cat error.log
 1592  ls
 1593  ls -ltr
 1594  tail -f aver_access.log
 1595  cd /etc/apache2
 1596  ls
 1597  vi apache2.conf
 1598  sudo vi apache2.conf
 1599  history | grep restar
 1600  sudo systemctl restart apache2
 1601  cd /var/log/apache2
 1602  ls
 1603  ls -ltr
 1604  tail -f aver_access.log
 1605  tail -f aver_access.log | grep -v 200
 1606  sudo vi apache2.conf
 1607  sudo systemctl restart apache2
 1608  sudo vi apache2.conf
 1609  pysatellite
 1610  vi .zshrc
 1611  node
 1612  vi fff.js
 1613  node fff.js
 1614  cd code/pysatellite
 1615  ls
 1616  vi index.js
 1617  for pkg in docker.io docker-doc docker-compose docker-compose-v2 podman-docker containerd runc; do sudo apt-get remove $pkg; done
 1618  sudo apt-get update
 1619  sudo apt-get install ca-certificates curl
 1620  sudo install -m 0755 -d /etc/apt/keyrings
 1621  sudo curl -fsSL https://download.docker.com/linux/ubuntu/gpg -o /etc/apt/keyrings/docker.asc
 1622  sudo chmod a+r /etc/apt/keyrings/docker.asc
 1623  echo \\n  "deb [arch=$(dpkg --print-architecture) signed-by=/etc/apt/keyrings/docker.asc] https://download.docker.com/linux/ubuntu \\n  $(. /etc/os-release && echo "$VERSION_CODENAME") stable" | \\n  sudo tee /etc/apt/sources.list.d/docker.list > /dev/null
 1624  sudo apt-get update
 1625  sudo apt-get install docker-ce docker-ce-cli containerd.io docker-buildx-plugin docker-compose-plugin
 1626  sudo docker run hello-world
 1627  sudo docker ps
 1628  sudo docker ps -a
 1629  sudo docker rm adoring_elion
 1630  sudo docker ps -a
 1631  sudo docker images
 1632  sudo docker rm hello-world
 1633  sudo docker rmi hello-world
 1634  sudo docker images
 1635  sudo docker ps -a
 1636  PS1="$ "
 1637  sudo docker ps -a
 1638  sudo docker images
 1639  sudo docker ps -a
 1640  sudo docker run --name nginx-0 -d -p 9050:80 nginx:1.25.2
 1641  sudo docker run --name nginx-0 -d -p 9050:80 nginx:1.25.3
 1642  sudo docker ps
 1643  open http://127.0.0.1:9050/index.html
 1644  sudo docker -it exec nginx-0
 1645  sudo docker exec -it nginx-0 bash
 1646  node
 1647  ls
 1648  cd code
 1649  ls
 1650  git clone git@github.com:INAUGURATE-Ryong/npm_awya5.git
 1651  cd npm_awya5
 1652  ls
 1653  git branch -r
 1654  git pull
 1655  code .
 1656  node
 1657  docker ps
 1658  sudo docker ps
 1659  sudo docker restart nginx-0
 1660  sudo docker exec -it nginx-0 bash
 1661  ls
 1662  pwd
 1663  sudo docker exec -it nginx-0 bash
 1664  sudo docker ps
 1665  sudo docker ps -a
 1666  sudo docker run --name nginx-lb -d -p 9050:80 nginx:1.25.3
 1667  sudo docker ps
 1668  sudo docker exec -it nginx-lb bash
 1669  sudo docker run --name nginx-0 -d -p 9051:80 nginx:1.25.3
 1670  sudo docker rm nginx-0
 1671  sudo docker run --name nginx-0 -d -p 9051:80 nginx:1.25.3
 1672  sudo docker run --name nginx-1 -d -p 9052:80 nginx:1.25.3
 1673  sudo docker exec -it nginx-lb
 1674  ls
 1675  docker ps
 1676  sudo docker ps
 1677  sudo docker exec -it nginx-lb bash
 1678  sudo docker exec -it nginx-0 bash
 1679  clear
 1680  sudo docker exec -it nginx-lb bash
 1681  sudo docker exec -it nginx-0 bash
 1682  sudo docker exec -it nginx-1 bash
 1683  ls
 1684  sudo docker ps
 1685  ifconfig -a
 1686  curl http:// 172.19.182.28:9051
 1687  sudo vi /etc/hosts
 1688  curl http://dj.naver.com
 1689  curl http://dj.naver.com | grep Welcom
 1690  curl http://dj.naver.com 
 1691  server_name a.host.com > log.log
 1692  curl http://dj.naver.com > log.log
 1693  curl http://dj.naver.com
 1694  cat log.log
 1695  cat log.log | grep Welcom
 1696  curl http://dj.naver.com:9050
 1697  ifconfig -a
 1698  cd /mnt/c/Windows/System32/
 1699  cd dirvers/
 1700  ls
 1701  cd dirvers
 1702  sudo cd dirvers
 1703  sudo docker run --name nginx-3 -d -p 9053:80 nginx:1.25.3
 1704  sudo vi /etc/hosts
 1705  hisotry
 1706  history
 1707  docker ps
 1708  sudo docker ps
 1709  sudo docker stop nginx-3 nginx-1 nginx-0 nginx-lb
 1710  sudo docker rm nginx-3 nginx-1 nginx-0 nginx-lb
 1711  sudo docker run --name nginx-lb -d -p 9050:80 nginx:1.25.3
 1712  sudo docker run --name naver-1 -d -p 9051:80 nginx:1.25.3
 1713  sudo docker run --name naver-2 -d -p 9052:80 nginx:1.25.3
 1714  sudo docker run --name google-3 -d -p 9053:80 nginx:1.25.3
 1715  sudo docker ps
 1716  sudo docker exec -it naver-1 bash
 1717  sudo docker ps
 1718  sudo docker exec -it nginx-lb bash
 1719  sudo docker ps
 1720  sudo docker exec -it naver-1 bash
 1721  sudo docker exec -it naver-2 bash
 1722  sudo docker exec -it nginx-lb bash
 1723  ifconfig
 1724  sudo docker exec -it naver-1 bash
 1725  sudo docker exec -it nginx-lb bash
 1726  clear
 1727  sudo docker ps
 1728  clear
 1729  sudo docker exec -it nginx-lb bash
 1730  clear
 1731  sudo docker exec -it naver-1 bash
 1732  clear
 1733  sudo docker exec -it naver-2 bash
 1734  clear
 1735  sudo vi /etc/hosts
 1736  curl http://localhost:9051
 1737  curl http://localhost:9050
 1738  curl http://dj.naver.com:9050
 1739  curl http://dj.google.com:9050
 1740  clear
 1741  sudo docker start naver-1
 1742  sudo docker stop naver-1
 1743  sudo docker ps
 1744  sudo docker start naver-1
 1745  code code
 1746  cd code
 1747  ls
 1748  npm create vue@latest
 1749  cd first-vue
 1750  npm install
 1751  code .
 1752  npm run dev
 1753  cdoe .
 1754  code .
 1755  npm run dev
 1756  ls
 1757  cd code/bhanwha.github.io
 1758  ls
 1759  cd ../
 1760  ls
 1761  cd first-vue
 1762  ls
 1763  npm build
 1764  npm run build
 1765  grep -r "dist" .
 1766  vi package.json
 1767  ls
 1768  cd dist
 1769  ls
 1770  vi index.html
 1771  ls
 1772  cd ../
 1773  ls
 1774  vi vite.config.js
 1775  npm run build
 1776  vi vite.config.js
 1777  ls
 1778  cd dist
 1779  ls
 1780  cd docs
 1781  ls
 1782  cd ../
 1783  ls
 1784  vi vite.config.js
 1785  cd ../
 1786  ls
 1787  vi vite.config.js
 1788  npm run build
 1789  node
 1790  ls
 1791  npm install firebase
 1792  code .
 1793  npm run dev
 1794  node
 1795  npm run build
 1796  ls
 1797  firebase init
 1798  firebase logout
 1799  firebase login
 1800  firebase init
 1801  ls
 1802  ls -ltr
 1803  ls -a
 1804  vi .firebaserc
 1805  firebase deploy
 1806  node
 1807  nvm
 1808  tree
 1809  ls
 1810  cd public
 1811  ls
 1812  cd ../
 1813  ls
 1814  cd docs
 1815  ls
 1816  cd ../
 1817  ls
 1818  rm dist
 1819  rm -rf dist
 1820  ls
 1821  vi package.json
 1822  node
 1823  firebase deploy
 1824  npm run dev
 1825  node -v
 1826  clear
 1827  node -v
 1828  cd code
 1829  pwd
 1830  npm create vue@latest
 1831  history | grep vue
 1832  npm create vue@latest
 1833  PS1="$ "
 1834  pwd
 1835  ls
 1836  cd pysatellite-hello-vue.github.io
 1837  ls
 1838  tree
 1839  ls -al
 1840  view .gitignore
 1841  pwd
 1842  clear
 1843  pwd
 1844  ls
 1845  git init
 1846  git add .
 1847  history
 1848  git commit -m "npm create vue@latest"
 1849  git add .
 1850  git commit -m "npm create vue@latest"
 1851  pwd
 1852  cd code/pysatellite-hello-vue.github.io
 1853  ls
 1854  git status
 1855  git commit -m "npm create vue@latest"
 1856  git config --global user.email "pysatellite@gmail.com"
 1857  git config --global user.name "pysatellite"
 1858  git commit -m "npm create vue@latest"
 1859  git remote add origin git@github.com:pysatellite-hello-vue/pysatellite-hello-vue.github.io.git
 1860  git push
 1861  ls
 1862  cd .ssh
 1863  ls
 1864  ssh-keygen -t rsa -C "pysatellite@gmail.com" -f "id_rsa_pysatellite"
 1865  eval "$(ssh-agent -s)"
 1866  ssh-add -l
 1867  cat id_rsa_pysatellite.pub
 1868  vi config
 1869  ls
 1870  clear
 1871  ls
 1872  ls -al
 1873  npm install
 1874  git status
 1875  vi package-lock.json
 1876  ls -l
 1877  du node_modules
 1878  du -s node_modules
 1879  du -sh node_modules
 1880  clear
 1881  ls -l
 1882  du -s node_modules
 1883  PS1="$ "
 1884  clear
 1885  pwd
 1886  du -s node_modules
 1887  du -sh node_modules
 1888  cat .gitignore | grep node_modules
 1889  git status
 1890  git add package-lock.json
 1891  git commit -m "npm install
 1892  git commit -m "npm install"
 1893  git push
 1894  clear
 1895  pwd
 1896  npm run dev
 1897  clear
 1898  pwd
 1899  ls -l
 1900  rm -rf node_modules
 1901  npm run dev
 1902  vite
 1903  npm install
 1904  vite
 1905  npm run dev
 1906  ls
 1907  clear
 1908  git status
 1909  clear
 1910  npm run build
 1911  view dist/index.html
 1912  view dist/assets/index-WjEyzLJD.css
 1913  ls -ltr
 1914  cd dist
 1915  tree
 1916  ls
 1917  pwd
 1918  cd
 1919  cd code
 1920  ls
 1921  cd first-vue
 1922  ls
 1923  vi vite.config.js
 1924  ls -l
 1925  cd docs
 1926  ls
 1927  cd ../
 1928  ls
 1929  vi vite.config.js
 1930  ls -l
 1931  cd ../
 1932  ls
 1933  ls -l
 1934  npm run build
 1935  clear
 1936  git status
 1937  git branch 0.1.0/dist2docs
 1938  git checkout 0.1.0/dist2docs
 1939  vi package.json
 1940  git add .
 1941  git commit -a
 1942  git push
 1943  vi vite.config.js
 1944  cd ../
 1945  ls
 1946  cd pysatellite-hello-vue.github.io
 1947  ls
 1948  vi vite.config.js
 1949  npm run build
 1950  git status
 1951  vi .gitignore
 1952  git stauts
 1953  git status
 1954  vi .gitignore
 1955  clear
 1956  pwd
 1957  vi vite.config.js
 1958  npm run build
 1959  git status
 1960  vi .gitignore
 1961  git status
 1962  vi .gitignore
 1963  git status
 1964  git add .
 1965  git status
 1966  git commit -m "first deploy - github page"
 1967  git status
 1968  clera
 1969  clear
 1970  cd code/pysatellite-hello-vue.github.io
 1971  npm run build
 1972  clear
 1973  ls
 1974  git push
 1975  firebase init
 1976  clear
 1977  firebase init
 1978  clear
 1979  cd ../
 1980  ls
 1981  mkdir pysatellite-hello
 1982  cd pysatellite-hello
 1983  npm init
 1984  ls
 1985  vi index.js
 1986  npm publish
 1987  ls
 1988  git status
 1989  cd code
 1990  ls
 1991  cd pysatellite-hello-vue.github.io
 1992  ls
 1993  npm i pysatellite-hello
 1994  code .
 1995  cd ../
 1996  ls
 1997  cd first-vue
 1998  ls
 1999  cd src
 2000  ls
 2001  vi main.js
 2002  vi App.vue
 2003  npm run dev
 2004  npm run build
 2005  npm run dev
 2006  npm run build
 2007  npm run dev
 2008  npm install
 2009  npm run dev
 2010  npm run build
 2011  npm run dev
 2012  rm -rf node_modules
 2013  npm init
 2014  npm install
 2015  npm run dev
 2016  npm uninstall "pysatellite-hello
 2017  npm uninstall pysatellite-hello
 2018  npm run dev
 2019  rm -rf docs
 2020  npm run dev
 2021  git status
 2022  ls
 2023  git status
 2024  git checkout main
 2025  git add .
 2026  git commit -m "err"
 2027  git checkout main
 2028  git pull
 2029  git branch 0.2.0/hello-world
 2030  git checkout 0.2.0/hello-world
 2031  npm run dev
 2032  npm i pysatellite-hello
 2033  npm run dev
 2034  cd ../
 2035  ls
 2036  cd pysatellite-hello
 2037  ls
 2038  vi index.js
 2039  vi package.json
 2040  npm publish
 2041  mpm install
 2042  npm install
 2043  npm run dev
 2044  cd code/pysatellite-hello-vue.github.io
 2045  ls
 2046  git add .
 2047  git commit -m "hello"
 2048  git checkout main
 2049  ls
 2050  code .
 2051  clear
 2052  git pull
 2053  ls
 2054  ls -l
 2055  npm i
 2056  vi package.json
 2057  ls
 2058  cd src
 2059  ls
 2060  pwd
 2061  clear
 2062  pwd
 2063  ls
 2064  cd components
 2065  ls
 2066  cd code/pysatellite-hello-vue.github.io
 2067  ls
 2068  cd src
 2069  ls
 2070  vi App.vue
 2071  ls
 2072  pwd
 2073  clear
 2074  pwd
 2075  ls
 2076  view App.vue
 2077  vi App.vue
 2078  git status
 2079  git restore ../package-lock.json
 2080  cd ../
 2081  clear
 2082  pwd
 2083  git branch 0.3.1/hello-count
 2084  git checkout 0.3.1/hello-count
 2085  clear
 2086  \\nvi package.json
 2087  git add .
 2088  git commit -m "3.1 hello count"
 2089  git push
 2090  git push --set-upstream origin 0.3.1/hello-count
 2091  clear
 2092  vi src/App.vue
 2093  npm run dev
 2094  ls
 2095  cd code
 2096  ls
 2097  cd pysatellite-hello-vue.github.io
 2098  ls
 2099  vi src/App.vue
 2100  ls
 2101  cd code
 2102  ls
 2103  cd pysatellite-hello-vue.github.io
 2104  ls
 2105  vi src/App.vue
 2106  git commit -m "hello count + rev name"
 2107  git add .
 2108  git commit -m "hello count + rev name"
 2109  git push
 2110  run-help git
 2111  git branch 0.3.2/hello-world
 2112  git checkout 0.3.2/hello-world
 2113  vi package.json
 2114  git add .
 2115  git commit -m "up ver"
 2116  git push
 2117  git push --set-upstream origin 0.3.2/hello-world
 2118  git 
 2119  clear
 2120  cd src
 2121  pwd
 2122  vi App.vue
 2123  cd ../
 2124  ls
 2125  pwd
 2126  vi src/App.vue
 2127  cd code/pysatellite-hello-vue.github.io
 2128  npm run dev
 2129  git add .
 2130  git commit -m "hello world"
 2131  vi src/App.vue
 2132  git add .
 2133  git commit -m "var"
 2134  git push
 2135  clear
 2136  \\ngit branch 0.3.2/if
 2137  \\ngit branch 0.3.3/if
 2138  \\ngit checkout 0.3.3/if
 2139  vi src/App.vue
 2140  vi package.json
 2141  git add .
 2142  git commit -m "start"
 2143  git push
 2144  vi src/App.vue
 2145  dkeoaskdowskddidkajdflalsidfkasdieladjfa;ewlaidjfla
 2146  adjflkaoskdcovaea
 2147  oadlfeadadf
 2148  ls
 2149  vi src/App.vue
 2150  git commit -m "basic"
 2151  git add .
 2152  git commit -m "b1"
 2153  vi src/App.vue
 2154  ls
 2155  vi src/App.vue
 2156  git add .
 2157  git commit -m "v-if ()"
 2158  git push
 2159  git branch 0.3.4/for
 2160  git checkout 0.3.4/for
 2161  ls
 2162  vi package.json
 2163  git add .
 2164  git commit -m "start for"
 2165  git push
 2166  vi src/App.vue
 2167  git add .
 2168  git commit -m "for 1"
 2169  vi d.js
 2170  node d.js
 2171  npm install faker
 2172  node d.js
 2173  vi d.js
 2174  node d.js
 2175  ls
 2176  npm run d.js
 2177  ls
 2178  node d.js
 2179  vi src/assets/category.json
 2180  vi src/App.vue
 2181  ls
 2182  vi src/App.vue
 2183  code .
 2184  git add .
 2185  git commit -m "ing"
 2186  git branch
 2187  git checkout 0.3.3/if
 2188  vi src/App.vue
 2189  git push
 2190  git branch 0.3.4/v-for
 2191  git checkout 0.3.4/v-for
 2192  vi package.json
 2193  git add .
 2194  git commit -m "start v-for"
 2195  git push
 2196  vi src/App.vue
 2197  ls
 2198  vi src/App.vue
 2199  top
 2200  htop
 2201  vmstat 1
 2202  htop
 2203  vi src/App.vue
 2204  ls
 2205  vi src/assets/category.json
 2206  git add .
 2207  git commit -m "add json"
 2208  vi src/App.vue
 2209  npm run dev
 2210  vi src/App.vue
 2211  ls
 2212  cd code
 2213  ls
 2214  cd pysatellite-hello-vue.github.io
 2215  code .
 2216  npm run dev
 2217  vi src/App.vue
 2218  git add .
 2219  git commit -m "computed"
 2220  git add .
 2221  git commit 0m "v-model"
 2222  git add .
 2223  git commit -m "v-model"
 2224  vi src/App.vue
 2225  node src/jo.js
 2226  vi src/jo.js
 2227  clear
 2228  node src/jo.js > r.log
 2229  tail -n 1 r.log
 2230  tail -n 2 r.log
 2231  tail -n 3 r.log
 2232  tail -n 4 r.log
 2233  node src/jo.js
 2234  cd code/pysatellite-hello-vue.github.io
 2235  node src/jo.js
 2236  npm run dev
 2237  cp src/App.vue src/App.vue.todo
 2238  banner
 2239  apt install banner
 2240  npm run dev
 2241  cd code
 2242  history | grep cre
 2243  npm create vue@latest
 2244  cd vue-project
 2245  ls
 2246  cd src
 2247  ls
 2248  vi App.vue
 2249  npm run dev
 2250  vi App.vue
 2251  exit
 2252  cd code/pysatellite-hello-vue.github.io
 2253  ls
 2254  vi src/App.vue
 2255  node
 2256  clear
 2257  node
 2258  vi src/App.vue
 2259  git add .
 2260  git commit -m "my kanban"
 2261  git push
 2262  ls
 2263  cd code/pysatellite-hello-vue.github.io
 2264  ls
 2265  clear
 2266  pwd
 2267  cd /home/nori/code/pysatellite-hello-vue.github.io
 2268  ls
 2269  npm run dev
 2270  vi src
 2271  npm run dev
 2272  cd code/pysatellite-hello-vue.github.io
 2273  git add .
 2274  git commit -m "copo"
 2275  git push
 2276  cd code/pysatellite-hello-vue.github.io
 2277  git tag 0.3.4/morming-exercise
 2278  git push  0.3.4/morming-exercise
 2279  git push
 2280  git push origin 0.3.4/morming-exercise
 2281  node -v
 2282  vi src/App.vue
 2283  git add .
 2284  git commit -m "아침체조"
 2285  git tag --list
 2286  git tag 0.3.2/me
 2287  git push origin 0.3.2/me
 2288  git push
 2289  ls
 2290  vi src/App.vue
 2291  cd code/pysatellite-hello-vue.github.io
 2292  ls
 2293  npm run dev
 2294  vi src/App.vue
 2295  git add .
 2296  git commit -m "watch"
 2297  git push
 2298  ls
 2299  cd ../
 2300  ls
 2301  clear
 2302  mkdir satellite-json-server
 2303  cd satellite-json-server
 2304  ls -l
 2305  clear
 2306  ls -l
 2307  npm install json-server
 2308  ls -l
 2309  vi package.json
 2310  vi package-lock.json
 2311  clear
 2312  ls -l
 2313  du -skh *
 2314  clear
 2315  npm list
 2316  ls
 2317  cd code/satellite-json-server
 2318  ls
 2319  clear
 2320  npm list
 2321  cd
 2322  ls
 2323  ls -ltr
 2324  which npm
 2325  ls
 2326  pwd
 2327  clear
 2328  echo "node_modules" > \n: 1706852339:0;ls
 2329  vi db.json
 2330  ls
 2331  pwd
 2332  clear
 2333  ls -l
 2334  npm install
 2335  rm -rf node_modules
 2336  npm i
 2337  ls -l
 2338  vi package.json
 2339  find . -name "json-server"
 2340  git init
 2341  echo "node_modules" > .gitignore
 2342  clear
 2343  \\necho "node_modules" > .gitignore
 2344  \\ncat .git
 2345  \\ncat .gitignore
 2346  clear
 2347  \\necho "node_modules" > .gitignore
 2348  \\necho "node_modules" >> .gitignore
 2349  vi .gitignore
 2350  clear
 2351  ls
 2352  \\ncat package.json
 2353  \\ncat package.json | grep json
 2354  \\ncat package.json | grep json > log.log
 2355  cat log.log
 2356  clear
 2357  ls
 2358  rm log.log
 2359  git status
 2360  du -skh *
 2361  git init
 2362  git add .
 2363  clear
 2364  git commit -a
 2365  vi package.json
 2366  git push
 2367  clear
 2368  \\ngit remote add origin git@github.com:pySatellite/satellite-json-server.git
 2369  git push
 2370  history
 2371  history | grep npx
 2372  npx json-server db.json
 2373  git pull
 2374  clear
 2375  cat README.md
 2376  npx json-server db.json
 2377  LS
 2378  ls
 2379  pwd
 2380  cd code/pysatellite-hello-vue.github.io
 2381  ls
 2382  vi src
 2383  vi src/App.vue
 2384  npm run dev
 2385  ls
 2386  git push
 2387  ls
 2388  clear
 2389  curl -L https://fly.io/install.sh | sh
 2390  fly auth login
 2391  vi ~/.zshrc
 2392  tail -f ~/.zshrc
 2393  tail -n 3 ~/.zshrc
 2394  source ~/.zshrc
 2395  fly auth login
 2396  fly-ctl
 2397  fly
 2398  fly help
 2399  flyctl
 2400  flyctl auth login
 2401  flyctl launch
 2402  clear
 2403  git branch 0.1.0/fly
 2404  git checkout 0.1.0/fly
 2405  ls
 2406  vi Dockerfile
 2407  clear
 2408  \flyctl launch
 2409  \\nflyctl launch
 2410  cd code
 2411  ls
 2412  cd satellite-json-server
 2413  clear
 2414  ls
 2415  vi Dockerfile
 2416  git status
 2417  clear
 2418  git status
 2419  vi fly.toml
 2420  clear
 2421  vi fly.toml
 2422  flyctl --help
 2423  clear
 2424  flyctl deploy
 2425  tail -f fly.toml | grep internal
 2426  cat fly.toml | grep internal
 2427  ls
 2428  git add .
 2429  git commit -m "ok deploy"
 2430  git push
 2431  git push --set-upstream origin 0.1.0/fly
 2432  git branch 0.1.1/fly-readme
 2433  git checkout 0.1.1/fly-readme
 2434  ls
 2435  vi db.json
 2436  fly deploy
 2437  history
 2438  cd ../
 2439  ls
 2440  cd satellite-json-server
 2441  ls
 2442  vi README.md
 2443  git add .
 2444  git commit -m "deploy ok"
 2445  git push
 2446  git push --set-upstream origin 0.1.1/fly-readme
 2447  ls
 2448  pwd
 2449  ls
 2450  pwd
 2451  ls -l
 2452  cat README.md
 2453  fltctl launch
 2454  PS1="$ "
 2455  clear
 2456  flyctl launch
 2457  ls
 2458  source ~/.zshrc
 2459  clear
 2460  PS1="$ "
 2461  flyctl launch
 2462  ls -l
 2463  ls -al
 2464  clear
 2465  cd code
 2466  cd satellite-json-server
 2467  ls
 2468  clear
 2469  pwd
 2470  ls
 2471  view fly.toml
 2472  vi Dockerfile
 2473  vi fly.toml
 2474  cd ../
 2475  ls
 2476  clear
 2477  mkdir satellite-express
 2478  cd satellite-express
 2479  npm init
 2480  view package.json
 2481  git add .
 2482  clear
 2483  git init
 2484  git status
 2485  ls
 2486  ls -a
 2487  du -skha *
 2488  du -skh .git
 2489  git init
 2490  git add package.json
 2491  git commit -m "npm init"
 2492  git@github.com:pySatellite/satellite-express.git
 2493  git remote add origin git@github.com:pySatellite/satellite-express.git
 2494  git push
 2495  pwd
 2496  ls
 2497  npm install exepress --save
 2498  npm install express --save
 2499  git status
 2500  view package.json
 2501  du -skh *
 2502  cd node_modules
 2503  ls
 2504  clear
 2505  ls -l
 2506  cd ../
 2507  ls
 2508  clear
 2509  ls -l
 2510  vi .gitignore
 2511  git status
 2512  git add .
 2513  \\ngit commit -m "npm i express --save"
 2514  git push
 2515  git branch 0.2.0/hello-api
 2516  git checkout 0.2.0/hello-api
 2517  vi package.json
 2518  git add .
 2519  git commit -a
 2520  git push
 2521  git push --set-upstream origin 0.2.0/hello-api
 2522  vi package.json
 2523  vi app.js
 2524  node app.js
 2525  pwd
 2526  node app.js
 2527  cd code/satellite-express
 2528  ls
 2529  vi app.js
 2530  clear
 2531  cd ../../
 2532  ls
 2533  cd code
 2534  ls
 2535  mkdir pysatellite-common-fun
 2536  cd pysatellite-common-fun
 2537  npm init
 2538  vi package.json
 2539  git init 
 2540  git commit -m "init"
 2541  git add .
 2542  git commit -m "init"
 2543  git remote add origin git@github.com:pySatellite/pysatellite-common-fun.git
 2544  git push
 2545  vi package.json
 2546  git branch 0.2.0/common
 2547  git checkout 0.2.0/common
 2548  ls
 2549  vi package.json
 2550  git add .
 2551  git commit -a
 2552  git push
 2553  vi index.js
 2554  npm publish
 2555  ls
 2556  cd ../
 2557  ls
 2558  cd satellite-express
 2559  ls
 2560  clear
 2561  git add .
 2562  git commit -m "hello"
 2563  npm i pysatellite-common-fun
 2564  git status
 2565  vi package.json
 2566  ls
 2567  vi app.js
 2568  node app.js
 2569  ls
 2570  vi app.js
 2571  ls
 2572  cd ../
 2573  ls
 2574  cd pysatellite-common-fun
 2575  ls
 2576  vi index.js
 2577  vi package.json
 2578  npm publish
 2579  ls
 2580  cd code/satellite-express
 2581  ls
 2582  vi package.json
 2583  npm list
 2584  npm install
 2585  npm list
 2586  node app.js
 2587  LS
 2588  ls
 2589  cat app.js
 2590  vi app.js
 2591  npm install pysatellite
 2592  npm install -g pysatellite
 2593  node -v
 2594  cd code
 2595  ls
 2596  ls -ltr
 2597  cd satellite-express
 2598  ls
 2599  vi app.js
 2600  git add .
 2601  node app.js
 2602  git add .
 2603  git commit -m "query"
 2604  git push
 2605  node
 2606  clear
 2607  vmsate
 2608  vmsates
 2609  vmstat
 2610  clear
 2611  vmstat
 2612  vmstat 1
 2613  vmstat 1 >> 1.log
 2614  cat 1.log
 2615  clear
 2616  cd temp
 2617  ls
 2618  vmsata 1
 2619  vmstat
 2620  vmstat 10
 2621  vmstat 1
 2622  vmstat 1 >> vmstat.log
 2623  nohup vmstat 1 >> vmstat.log &
 2624  tail -f vmstat.log
 2625  ps -ef
 2626  ps -ef | grep nohup
 2627  ps -ef | grep vmstat
 2628  clear
 2629  ps -ef | grep vmstat
 2630  cd temp
 2631  ls
 2632  cd temp
 2633  tail -f vmstat.log
 2634  vmstat 1
 2635  ps -ef | grep vmstat
 2636  kill 2159
 2637  clear
 2638  cd temp
 2639  nohup vmstat 1 >> vmstat1.log &
 2640  clear
 2641  tail -f vmstat1.log
 2642  tail -f vmstat10.log
 2643  nohup vmstat 10 >> vmstat10.log &
 2644  ps -ef | grep vmstat
 2645  kill  3713
 2646  clear
 2647  top
 2648  htop
 2649  kill -9 3713
 2650  clera
 2651  clear
 2652  cd
 2653  pwd
 2654  clear
 2655  curl http://naver.com
 2656  clear
 2657  curl https://pyenv.run
 2658  curl https://pyenv.run > pyenv.sh
 2659  ls
 2660  view pyenv.sh
 2661  bash pyenv.sh
 2662  vi .zshrc
 2663  source .zshrc
 2664  vi .zshrc
 2665  source .zshrc
 2666  pyenv
 2667  pyenv install --list
 2668  pyenv install --list | grep "3.7"
 2669  pyenv install 3.7.17
 2670  sudo apt update; sudo apt install build-essential libssl-dev zlib1g-dev \\nlibbz2-dev libreadline-dev libsqlite3-dev curl \\nlibncursesw5-dev xz-utils tk-dev libxml2-dev libxmlsec1-dev libffi-dev liblzma-dev
 2671  pyenv install 3.7.17
 2672  pyenv versions
 2673  clear
 2674  pyenv versions
 2675  pyenv
 2676  python
 2677  pyenv global 3.7.17
 2678  python
 2679  clear
 2680  pyenv
 2681  pyenv versions
 2682  pyenv global 3.7.17
 2683  pyenv versions
 2684  pyenv global system
 2685  pyenv versions
 2686  python
 2687  python3
 2688  clear
 2689  which python3
 2690  ls -l /usr/bin/python3
 2691  ls -l /usr/bin/python3.10
 2692  python3.10
 2693  pyenv global 3.7.17
 2694  which python3
 2695  which python
 2696  ls -l /home/nori/.pyenv/shims/python
 2697  clear
 2698  pyenv install --list
 2699  pyenv install --list | grep rust
 2700  clear
 2701  pyenv install --list | grep 3.12
 2702  pyenv install --list | grep 3.11
 2703  pyenv install 3.11.7
 2704  pyenv versions
 2705  ls -al
 2706  cd temp
 2707  pyenv versions
 2708  pyenv global venvtest3717
 2709  deactivate
 2710  ls
 2711  ls -al
 2712  deactivate
 2713  clear
 2714  pyenv versions
 2715  pyenv global 3.11.7
 2716  python -V
 2717  cd temp
 2718  ls
 2719  clear
 2720  pyenv versions
 2721  pyenv global 3.11.7
 2722  mkdir python-test
 2723  cd python-test
 2724  pyenv virtualenv 3.11.7 vpy3117
 2725  pyenv versions
 2726  ls -l /home/nori/.pyenv/version
 2727  cd /home/nori/.pyenv/versions/3.7.17/envs/
 2728  ls -l
 2729  cd venvtest3717
 2730  ls
 2731  cd bin
 2732  ls
 2733  ls -l
 2734  cd ../
 2735  du -skh *
 2736  cd ../
 2737  cd 
 2738  cd temp/python-test
 2739  pyenv versions
 2740  pyenv global vpy3117
 2741  pip list
 2742  pyenv local vpy3117
 2743  ls -l
 2744  ls -al
 2745  cat .python-version
 2746  rm .python-version
 2747  pyenv versions
 2748  pyenv global 3.7.17
 2749  python -V
 2750  pyenv local vpy3117
 2751  ls -l
 2752  ls -la
 2753  cat .python-version
 2754  cd ../
 2755  python -V
 2756  cd python-test
 2757  python -V
 2758  pip install hong-beom-do
 2759  python
 2760  pip list
 2761  ls -al
 2762  cd ../
 2763  pip list
 2764  python
 2765  ls
 2766  pip list
 2767  cd python-test
 2768  pip list
 2769  ls -l
 2770  ls -al
 2771  cat .python-version
 2772  pip install ansible
 2773  ansible
 2774  history | grep pyenv
 2775  pyenv virtualenv 3.11.7 ansible3117
 2776  pyenv versions
 2777  pyenv global ansible3117
 2778  pip install ansible
 2779  pip list
 2780  clear
 2781  pyenv versions
 2782  pyenv global system
 2783  ansible
 2784  pyenv versions
 2785  pyenv ansible3117
 2786  pyenv global ansible3117
 2787  pyenv global system
 2788  cd code
 2789  ls
 2790  mkdir hello-ansible
 2791  cd hello-ansible
 2792  pyenv local system
 2793  ls -la
 2794  cd ../
 2795  cd hello-ansible
 2796  ls
 2797  ls -al
 2798  pyenv versions 
 2799  pyenv local ansible3117
 2800  cat .python-version
 2801  cd ../
 2802  cd hello-ansible
 2803  ls
 2804  cd ../
 2805  pyenv
 2806  pyenv virtualenv 3.11.7 cpu3117
 2807  mkdir pycpu-study
 2808  cd pycpu-study
 2809  pyenv local cpu3117
 2810  python -V
 2811  vi usertime.py
 2812  clear
 2813  \\nvi usertime.py
 2814  ls
 2815  taskset -c 0 python usertime.py
 2816  top
 2817  taskset -c 1 python usertime.py
 2818  clear
 2819  htop
 2820  taskset -c 0 python usertime.py
 2821  python usertime.py
 2822  top -
 2823  top
 2824  vmstat 1
 2825  vmsate 1
 2826  vmstat
 2827  vmstat 1
 2828  vi kerneltime.py
 2829  python kerneltime.py
 2830  htop
 2831  python kerneltime.py
 2832  htop
 2833  top
 2834  sar
 2835  jsate
 2836  cd
 2837  df -h
 2838  pwd
 2839  du -h --max-depth=1
 2840  cd app
 2841  ls
 2842  cd ng
 2843  ls
 2844  cd controller
 2845  ls
 2846  java -jar ngrinder-controller-3.5.8.war
 2847  cd app/ng/ngrinder-agent
 2848  ls
 2849  clear
 2850  ls
 2851  ls -l
 2852  view run_agent_bg.sh
 2853  run_agent.sh
 2854  sh run_agent.sh
 2855  clear
 2856  pwd
 2857  ls
 2858  \\nnohup java -jar ngrinder-controller-3.5.8.war &
 2859  ls
 2860  cat nohup.out
 2861  tail -f nohup.out
 2862  clear
 2863  top
 2864  \\n\\nnohup java -jar ngrinder-controller-3.5.8.war &
 2865  kill 65761
 2866  ps -ef | grep ngri
 2867  kill 64053
 2868  ps -ef | grep ngri
 2869  kill 64625
 2870  ps -ef | grep ngri
 2871  \\n\\nnohup java -jar ngrinder-controller-3.5.8.war &
 2872  tail -f nohup.out
 2873  tail -f nohup.out | grep WARN
 2874  tail -f nohup.out
 2875  cd app/ng
 2876  ls
 2877  clear
 2878  pwd
 2879  ls
 2880  tar -xvf ngrinder-monitor-3.5.8.tar
 2881  ls -l
 2882  mv ngrinder-monitor-3.5.8.tar ~/temp
 2883  cd ngrinder-monitor
 2884  ls
 2885  pwd
 2886  clear
 2887  ls
 2888  ./run_monitor.sh
 2889  sh run_agent.sh
 2890  cd app
 2891  ls
 2892  cd ng
 2893  ls
 2894  cd controller
 2895  ls
 2896  clear
 2897  ls -l
 2898  cat nohup.out
 2899  cd
 2900  cd code
 2901  mkdir ScheduFlow
 2902  ls
 2903  cd ScheduFlow
 2904  ls
 2905  git clone git@github.com:ScheduFlow/vue.git
 2906  cd vue
 2907  cd ../
 2908  ls
 2909  git clone git@github.com:ScheduFlow/json-server.git
 2910  cd json-server
 2911  ls
 2912  npm install json-server
 2913  cat README.md
 2914  cd code
 2915  ls
 2916  cd ScheduFlow
 2917  ls
 2918  cd vue
 2919  code .
 2920  npm install
 2921  npm run dev
 2922  ifconfig
 2923  curl http://172.19.182.28:5174
 2924  curl http://172.19.182.28:5173
 2925  curl http://localhost:5173
 2926  npm run dev --host
 2927  curl http://172.19.182.28:5173
 2928  npm run dev --host 0.0.0.0
 2929  ping 172.19.182.28
 2930  npm run dev --host 172.19.182.28
 2931  npm run build
 2932  cd docs
 2933  ls
 2934  ifconfig -a
 2935  htop
 2936  ps -ef 
 2937  ps -aux --sort -pcpu
 2938  ps -aux --sort -pcpu | grep json-server
 2939  ps -aux --sort -pcpu | grep 71218
 2940  ps -aux --sort -pcpu | grep 71218 | grep db.json
 2941  =====
 2942  ps -aux --sort -pcpu | grep 71218 | grep db.json
 2943  clear
 2944  sudo docker ps
 2945  sudo docker ps -a
 2946  sudo docker rm google-3 naver-2 naver-1 nginx-lb goofy_hamilton
 2947  sudo docker ps -a
 2948  sudo docker ps
 2949  sudo docker images
 2950  sudo docker rmi a8758716bb6a 
 2951  sudo docker images
 2952  sudo docker rmi hello-world
 2953  sudo docker images
 2954  sudo docker ps
 2955  sudo docker ps -a
 2956  history
 2957  clear
 2958  sudo docker ps -a
 2959  sudo docker images
 2960  docker
 2961  docker pull nginx
 2962  clear
 2963  sudo docker pull nginx
 2964  docker images
 2965  clear
 2966  sudo docker images
 2967  sudo docker pull nginx:1.25.3
 2968  sudo docker images
 2969  sudo docker pull nginx:1.25.3-alpine
 2970  sudo docker images
 2971  sudo docker run --name nginx-lb \-d -p 9050:80 nginx:1.25.3
 2972  sudo docker run --name nginx-lb \ -d -p 9050:80 nginx:1.25.3
 2973  sudo docker run --name nginx-lb \\nsudo docker run --name nginx-blog-1 \\n -p 9050:80 nginx:1.25.3
 2974  \\nsudo docker run --name nginx-blog-1 \\n -p 9050:80 nginx:1.25.3
 2975  sudo docker images
 2976  sudo docker ps
 2977  sudo docker ps -a
 2978  sudo docker rm 285a06f3e936 0b245409af0d
 2979  sudo docker ps
 2980  sudo docker stop 0b245409af0d
 2981  sudo docker rm 285a06f3e936 0b245409af0d
 2982  sudo docker ps -a
 2983  \\nsudo docker run --name nginx-blog-1 \\n -p 9051:80 nginx:1.25.3
 2984  sudo docker ps\nsudo docker run --name nginx-blog-1 \\n -p 9051:80 nginx:1.25.3
 2985  clear
 2986  sudo docker ps
 2987  sudo docker ps -a
 2988  \nsudo docker run --name nginx-blog-1 \\n-d -p 9051:80 nginx:1.25.3
 2989  \nsudo docker run --name nginx-blog-2 \\n-d -p 9051:80 nginx:1.25.3
 2990  sudo docker ps
 2991  \nsudo docker run --name nginx-blog-3 \\n-d -p 9051:80 nginx:1.25.3
 2992  sudo docker ps
 2993  clear
 2994  sudo docker ps
 2995  sudo docker ps -a
 2996  clear
 2997  sudo docker ps -a
 2998  \nsudo docker run --name nginx-blog-4 \\n-d -p 9054:80 nginx:1.25.3
 2999  sudo docker ps
 3000  clear
 3001  sudo docker ps
 3002  clear
 3003  sudo docker images
 3004  sudo docker rmi nginx
 3005  sudo docker images
 3006  sudo docker rmi nginx
 3007  sudo docker rmi nginx:1.25.3
 3008  sudo docker ps
 3009  sudo docker ps -a
 3010  sudo docker ps -a | grep 02a1c710d2f4
 3011  clear
 3012  sudo docker ps
 3013  sudo docker stop nginx-blog-4
 3014  sudo docker ps
 3015  sudo docker ps -a
 3016  clear
 3017  sudo docker ps -a
 3018  sudo docker ps -a | wc -l
 3019  sudo docker ps -a | wc
 3020  sudo docker start nginx-blog-4
 3021  sudo docker ps -a
 3022  sudo docker ps
 3023  clear
 3024  sudo docker images
 3025  sudo docker rmi nginx:1.25.3 
 3026  sudo docker ps -a | grep 02a1c710d2f4
 3027  sudo docker rm  nginx-blog-1
 3028  sudo docker rmi nginx:1.25.3 
 3029  sudo docker run
 3030  sudo docker run --help
 3031  clear
 3032  sudo docker images
 3033  sudo docker rmi nginx:1.25.3-alpine
 3034  sudo docker images
 3035  sudo docker rmi nginx
 3036  sudo docker rmi nginx:1.25.3
 3037  sudo docker images
 3038  sudo docker rm aee0200baad8
 3039  sudo docker stop aee0200baad8
 3040  sudo docker rm aee0200baad8
 3041  sudo docker rmi nginx:1.25.3
 3042  sudo docker rm 561b62492c2f
 3043  sudo docker stop 561b62492c2f
 3044  sudo docker rm 561b62492c2f
 3045  sudo docker rmi nginx:1.25.3
 3046  sudo docker rm 4e0c81b3e57b
 3047  sudo docker rmi nginx:1.25.3
 3048  sudo docker ps -a
 3049  sudo docker images
 3050  cd code
 3051  ls
 3052  mkdir docker-nginx
 3053  cd docker-nginx
 3054  clear
 3055  mkdir html
 3056  cd html
 3057  vi index.html
 3058  pwd
 3059  docker run --name some-nginx-1 -p 9051:80 -v /home/nori/code/docker-nginx/html:/usr/share/nginx/html:ro -d nginx
 3060  sudo docker run --name some-nginx-1 -p 9051:80 -v /home/nori/code/docker-nginx/html:/usr/share/nginx/html:ro -d nginx
 3061  sudo docker pull nginx
 3062  sudo docker login
 3063  sudo docker pull nginx
 3064  sudo docker rmi nginx
 3065  clear
 3066  sudo docker logout
 3067  sudo docker login
 3068  sudo docker run --name some-nginx-1 -p 9051:80 -v /home/nori/code/docker-nginx/html:/usr/share/nginx/html:ro -d nginx
 3069  sudo docker ps
 3070  sudo docker images
 3071  vi index.html
 3072  clear
 3073  docker 
 3074  docker | grep exec
 3075  sudo docker | grep exec
 3076  sudo docker
 3077  sudo docker exec --help
 3078  clear
 3079  sudo docker ps
 3080  sudo docker exec -it some-nginx-1 bash
 3081  sudo docker ps
 3082  clear
 3083  sudo docker ps
 3084  clear
 3085  docker 
 3086  docker commit
 3087  docker commit --help
 3088  sudo docker commit some-nginx-1 nginx-vim
 3089  sudo docker images
 3090  sudo docker run --name some-nginx-2 -p 9052:80 -v /home/nori/code/docker-nginx/html:/usr/share/nginx/html:ro -d nginx-vim
 3091  vi index.html
 3092  sudo docker run --name some-nginx-3 -p 9053:80 -v /home/nori/code/docker-nginx/html:/usr/share/nginx/html -d nginx
 3093  sudo docker ps
 3094  clear
 3095  sudo docker exec -i -t \some-nginx-2 
 3096  sudo docker exec -i -t \ 
 3097  sudo docker exec -i -t \\nsome-nginx-2 ls
 3098  sudo docker exec -i -t \\nsome-nginx-2 bash
 3099  sudo docker exec -i -t \\nsome-nginx-3 bash
 3100  ls
 3101  vi index.html
 3102  docker ls
 3103  docker container ls
 3104  sudo docker container ls
 3105  clear
 3106  cd ../
 3107  ls
 3108  clear
 3109  ls -l
 3110  cat html/index.html
 3111  history | grep docker
 3112  PS1="$ "
 3113  clear
 3114  sudo docker images
 3115  sudo docker ps
 3116  history | grep commit
 3117  sudo docker ps
 3118  clear
 3119  sudo docker images
 3120  docker tag nginx-vim pysatellite/nginx-vim:0.1.0
 3121  sudo docker tag nginx-vim pysatellite/nginx-vim:0.1.0
 3122  sudo docker images
 3123  sudo docker push pysatellite/nginx-vim:0.1.0
 3124  clear
 3125  sudo docker ps 
 3126  sudo docker ps -a
 3127  clear
 3128  sudo docker ps -a
 3129  sudo docker rm some-nginx-1 some-nginx-2 some-nginx-3
 3130  docker ps -a
 3131  clear
 3132  docker ps -a
 3133  sudo docker ps -a
 3134  sudo docker stop some-nginx-1 some-nginx-2 some-nginx-3
 3135  sudo docker rm some-nginx-1 some-nginx-2 some-nginx-3
 3136  sudo docker ps -a
 3137  sudo docker images
 3138  sudo docker rmi nginx pysatellite/nginx-vim nginx-vim
 3139  sudo docker images
 3140  sudo docker rmi nginx-vim:0.1.0
 3141  sudo docker images
 3142  sudo docker rmi 93ab6e6c9ffc
 3143  clear
 3144  docker pull pysatellite/nginx-vim
 3145  sudo docker pull pysatellite/nginx-vim
 3146  sudo docker pull pysatellite/nginx-vim:0.1.0
 3147  sudo docker pull nginx
 3148  sudo docker images
 3149  sudo docker pull seull1/nginx-vim:0.1.0
 3150  sudo docker images
 3151  sudo docker run --name seull1-nginx-vim-1 \\n-p 9051:80 \\n-d seull1/nginx-vim:0.1.0
 3152  sudo docker ps
 3153  clear
 3154  sudo docker run --name nginx-vim-2 -p 9052:80 -d dana96/nginx-vim:0.1.0
 3155  sudo docker ps
 3156  cd code
 3157  pwd
 3158  cd code
 3159  pwd
 3160  cd
 3161  cd code/docker-nginx/
 3162  pwd
 3163  clear
 3164  pwd
 3165  ls -l
 3166  cat html/index.html
 3167  git init
 3168  git add .
 3169  git status
 3170  pwd
 3171  git remote add origin git@github.com:pySatellite/docker-nginx.git
 3172  git push
 3173  git push --set-upstream origin main
 3174  cd code/docker-nginx
 3175  ls
 3176  git status
 3177  git add .
 3178  git commit -m "init"
 3179  git push
 3180  git pull
 3181  git branch 0.2.0/docker-hub
 3182  git checkout  0.2.0/docker-hub
 3183  vi README.md
 3184  git add .
 3185  cat README.md
 3186  git commit -a
 3187  git push
 3188  git push --set-upstream origin 0.2.0/docker-hub
 3189  clear
 3190  ls
 3191  cd html
 3192  ls
 3193  cat index.html
 3194  cd ../
 3195  ls
 3196  clear
 3197  pwd
 3198  ls -l
 3199  sudo docker ps
 3200  sudo docker stop seull1-nginx-vim-1
 3201  sudo docker start seull1-nginx-vim-1
 3202  sudo docker restart seull1-nginx-vim-1
 3203  sudo docker --help
 3204  clear
 3205  sudo docker ps
 3206  sudo docker stop seull1-nginx-vim-1
 3207  clear
 3208  sudo docker ps | rev
 3209  sudo docker ps | rev | cut -d' ' -f1 | rev
 3210  clear
 3211  sudo docker ps | rev | cut -d' ' -f1 | rev
 3212  sudo docker exec -it nginx-vim-2 bash
 3213  id
 3214  pwd
 3215  ls -l
 3216  id
 3217  clear
 3218  history
 3219  sudo docker ps | rev | cut -d' ' -f1 | rev
 3220  sudo docker exec -it nginx-vim-2 bash
 3221  clear
 3222  pwd
 3223  sudo docker ps
 3224  sudo docker cp html/index.html nginx-vim-2:/usr/share/nginx/html/
 3225  sudo docker cp nginx-vim-2:/usr/share/nginx/html/index.html .
 3226  ls -l
 3227  sudo docker logs nginx-vim-2
 3228  sudo docker logs -f nginx-vim-2
 3229  sudo docker ps
 3230  clear
 3231  sudo docker commit nginx-vim-2 nginx-my-html:0.2.0
 3232  sudo docker commit nginx-vim-2 \\npysatellite/nginx-my-html:0.2.0
 3233  sudo docker images
 3234  sudo docker push pysatellite/nginx-my-html:0.2.0
 3235  git status
 3236  rm index.html
 3237  vi README.md
 3238  git add .
 3239  git commit -m "ok push hub"
 3240  git push
 3241  clear
 3242  git checkout main
 3243  git pull
 3244  git branch 0.3.0/fly-deploy
 3245  git checkout 0.3.0/fly-deploy
 3246  vi README.md
 3247  git add .
 3248  git commit -m "deploy fly:\n"
 3249  git push
 3250  clear
 3251  pwd
 3252  fly-ctl launch
 3253  flyctl launch
 3254  clear
 3255  view fly.toml
 3256  git add .
 3257  git commit -m "fly launch & free vm setting"
 3258  git push
 3259  vi fly.toml
 3260  clear
 3261  git add .
 3262  git commit -m "add docker hub img -> nginx"
 3263  vi fly.toml
 3264  flyctl deploy
 3265  git push
 3266  vi fly.toml
 3267  flyctl deploy
 3268  vi fly.toml
 3269  flyctl deploy
 3270  vi fly.toml
 3271  clear
 3272  sudo docker pull soominjeong/nginx-gitblog:0.1.0
 3273  sudo docker run --name soominjeong-1 \\n-p 9061:80 soominjeong/nginx-gitblog:0.1.0
 3274  sudo docker run --name soominjeong-1 \\n-p 9061:80 -d soominjeong/nginx-gitblog:0.1.0
 3275  sudo docker ps
 3276  sudo docker ps -a
 3277  sudo docker run --name soominjeong-1 \\n-p 9061:80 -d soominjeong/nginx-gitblog:0.1.0
 3278  sudo docker run --name soominjeong- \\n-p 9061:80 -d soominjeong/nginx-gitblog:0.1.0
 3279  sudo docker run --name soominjeong-2 \\n-p 9062:80 -d soominjeong/nginx-gitblog:0.1.0
 3280  sudo docker exec -it soominjeong-2 bash
 3281  cd code
 3282  ls
 3283  cd bhanwha.github.io
 3284  ls
 3285  PS1="$ "
 3286  clear
 3287  sudo docker ps
 3288  sudo docker exec -it soominjeong-2 bash
 3289  sudo docker cp . soominjeong-2:/usr/share/nginx/html/
 3290  sudo docker commit soominjeong-2 pysatellite/myblog
 3291  sudo docker images
 3292  docker login
 3293  sudo docker login
 3294  sudo docker images
 3295  sudo docker push pysatellite/myblog
 3296  history
 3297  history | grep docker
 3298  clear
 3299  cd code
 3300  mkdir docker-nginx-vhost
 3301  cd docker-nginx-vhost
 3302  git init
 3303  vi README.md
 3304  git add .
 3305  git commit -m "init"
 3306  git push
 3307  git remote add origin git@github.com:pySatellite/docker-nginx-vhost.git
 3308  git push
 3309  clear
 3310  sudo docker images
 3311  sudo docker rmi 98b932d90ec7 24d29cbc645f  f6963b8dec3d b6450d355908 b690f5f0a2d5
 3312  sudo docker images
 3313  sudo docker rmi 24d29cbc645f 73e79bfccbd5 8449ed56137a 93ab6e6c9ffc
 3314  clear
 3315  sudo docker ps -a
 3316  sudo docker stop 7d64bd149de5 a2c92e320c08
 3317  sudo docker ps -a
 3318  sudo docker rm 7d64bd149de5 a2c92e320c08 eb51db5915fd 6d0c9654c00f 744c699f1ed3
 3319  sudo docker ps -a
 3320  sudo docker images
 3321  sudo docker rmi  24d29cbc645f 73e79bfccbd5 8449ed56137a
 3322  sudo docker images
 3323  sudo docker ps -a
 3324  clear
 3325  docker run -itd -p 8001:80 --name lb nginx:latest
 3326  sudo docker run -itd -p 8001:80 --name lb nginx:latest
 3327  sudo docker ps
 3328  docker run -itd -p 8003:80 --name serv-b nginx
 3329  sudo docker run -itd -p 8003:80 --name serv-b nginx
 3330  sudo docker run -itd -p 8002:80 --name serv-a nginx
 3331  sudo docker ps
 3332  pwd
 3333  cd ../
 3334  ls
 3335  ls -ltr
 3336  ls
 3337  cd docker-nginx-vhost
 3338  ls
 3339  clear
 3340  git pull
 3341  pwd
 3342  clear
 3343  pwd
 3344  code .
 3345  ls
 3346  pwd
 3347  clear
 3348  pwd
 3349  ls
 3350  cat config/default.conf
 3351  sudo docker ps
 3352  sudo docker exec -it lb bash
 3353  clear
 3354  git status
 3355  git add .
 3356  git commit -m "add nginx conf"
 3357  git push
 3358  clear
 3359  ls -l
 3360  sudo docker ps
 3361  sudo docker exec -it lb bash
 3362  cd code
 3363  ls
 3364  cd docker-nginx-vhost
 3365  ls
 3366  sudo docker ps
 3367  sudo docker cp config/default.conf lb:/etc/nginx/conf.d/
 3368  sudo docker stop lb
 3369  sudo docker start lb
 3370  sudo docker ps
 3371  sudo docker start lb
 3372  sudo docker ps
 3373  sudo docker start lb;sudo docker logs lb
 3374  ls
 3375  pwd
 3376  mkdir lb serv-a serv-b
 3377  ls -l
 3378  mv config lb
 3379  ls -l
 3380  tree
 3381  sudo docker ps
 3382  ls
 3383  vi serv-a/index.html
 3384  cp serv-a/index.html serv-b
 3385  vi serv-b/index.html
 3386  sudo docker cp sev-a/index.html serv-a:/usr/share/nginx/html
 3387  sudo docker cp sev-a/index.html serv-a:/usr/share/nginx/html/
 3388  sudo docker cp serv-a/index.html serv-a:/usr/share/nginx/html/
 3389  curl http://localhost:8002
 3390  sudo docker cp serv-b/index.html serv-b:/usr/share/nginx/html/
 3391  sudo docker ps
 3392  sudo docker restart lb;sudo docker logs lb
 3393  clear
 3394  sudo docker stop lb
 3395  sudo docker start lb
 3396  sudo docker ps | rev | cut -d' ' -f1 | rev
 3397  sudo docker
 3398  sudo docker | grep logs
 3399  docker logs lb
 3400  sudo docker logs lb
 3401  clear
 3402  sudo docker start lb;sudo docker logs lb
 3403  clear
 3404  git status
 3405  clear
 3406  git add .
 3407  git commit -a
 3408  sudo docker logs lb
 3409  git push
 3410  sudo docker ps
 3411  sudo docker exec -it server-a bash
 3412  sudo docker exec -it serv-a bash
 3413  sudo docker exec -it serv-b bash
 3414  sudo docker exec -it serv-a bash
 3415  ifconfig
 3416  exit
 3417  clear
 3418  docker network ls
 3419  sudo docker network ls
 3420  PS1="$ "
 3421  clear
 3422  docker network create abc
 3423  sudo docker network create abc
 3424  sudo docker network ls
 3425  sudo docker network inspect abc
 3426  sudo docker network ls
 3427  sudo docker network inspect host
 3428  sudo docker network inspect  bridge
 3429  sudo docker network inspect none
 3430  clear
 3431  history
 3432  history | grep some
 3433  history | grep some | grep run
 3434  docker
 3435  PS="$ "
 3436  PS1="$ "
 3437  clear
 3438  sudo docker ps
 3439  PS1="$ "
 3440  clear
 3441  sudo docker container inspect serv-b
 3442  cd temp
 3443  ls
 3444  sudo docker container inspect serv-b > serv-b.container-inspect
 3445  code .
 3446  sudo docker exec -it serv-a bash
 3447  clear
 3448  sudo docker network ls
 3449  sudo docker network inspect abc
 3450  sudo docker network connect abc serv-a
 3451  sudo docker network connect abc serv-b
 3452  sudo docker network connect abc lb
 3453  sudo docker network inspect abc
 3454  sudo docker network connect abc lb
 3455  sudo docker network inspect abc
 3456  clear
 3457  sudo docker start lb
 3458  sudo docker ps
 3459  sudo docker network inspect abc
 3460  clear
 3461  sudo docker restart lb;sudo docker logs lb
 3462  sudo docker ps
 3463  clear
 3464  sudo docker ps
 3465  sudo docker network inspect abc
 3466  sudo docker restart serve-a
 3467  sudo docker restart serv-a
 3468  sudo docker network inspect abc
 3469  PS1="$ "
 3470  clear
 3471  sudo docker exec -it serv-a bash
 3472  sudo docker ps
 3473  sudo docker stop serv-a
 3474  sudo docker start serv-a
 3475  sudo docker stop serv-a
 3476  sudo docker network inspect abc
 3477  cd code
 3478  git clone git@github.com:jsmin6330-hello-vue/jsmin6330-hello-vue.github.io.git
 3479  ls
 3480  ls -ltr
 3481  cd jsmin6330-hello-vue.github.io
 3482  ls
 3483  git branch -r
 3484  git checkout -t origin/0.9.0/fly-deploy
 3485  sudo docker run --name nginx-gitvlog -p 9055:80 -d nginx
 3486  sudo docker cp /home/nori/code/jsmin6330-hello-vue.github.io/. nginx-gitvlog:/usr/share/nginx/html
 3487  sudo docker commit nginx-gitvlog soominjeong/nginx-gitvlog:0.1.0
 3488  sudo docker commit nginx-gitvlog pysatellite/nginx-gitvlog:0.1.0
 3489  sudo docker push pysatellite/nginx-gitvlog:0.1.0
 3490  flyctl launch
 3491  vi fly.toml
 3492  flyctl launch
 3493  vi fly.toml
 3494  sudo docker images
 3495  sudo docker push pysatellite/nginx-gitvlog:0.1.0
 3496  vi fly.toml
 3497  fly deploy
 3498  vi fly.toml
 3499  flyctl deploy
 3500  vi fly.toml
 3501  flyctl deploy
 3502  PS1="$ "
 3503  clear
 3504  sudo docker ps
 3505  sudo docker start serv-b
 3506  sudo docker start serv-a
 3507  sudo docker stop nginx-gitvlog
 3508  sudo docker ps
 3509  clear
 3510  sudo docker ps
 3511  sudo docker ps | rev | cut -d' ' -f1-3 | rev
 3512  sudo docker ps | rev | cut -d' ' -f1 | rev
 3513  sudo docker ps
 3514  clear
 3515  sudo docker ps
 3516  sudo docker ps | rev | cut -d' ' -f1 | rev
 3517  clear
 3518  sudo docker ps | rev | cut -d' ' -f1 | rev
 3519  sudo docker commit serv-a pysatellite/serv-a:0.1.0
 3520  sudo docker commit serv-b pysatellite/serv-b:0.1.0
 3521  sudo docker stop serv-a
 3522  sudo docker rm serv-a
 3523  sudo docker run -d pysatellite/serv-a:0.1.0
 3524  sudo docker ps
 3525  clear
 3526  sudo docker ps
 3527  sudo docker run -name serv-a -d pysatellite/serv-a:0.1.0
 3528  sudo docker run --name serv-a -d pysatellite/serv-a:0.1.0
 3529  sudo docker network inpact abc
 3530  sudo docker network inspect abc
 3531  sudo docker network
 3532  sudo docker network connect
 3533  sudo docker network connect abc serv-a
 3534  sudo docker network inspect abc
 3535  clear
 3536  docker run --detach --name some-mariadb --env MARIADB_ROOT_PASSWORD=my-secret-pw  mariadb:latest
 3537  sudo docker run --detach --name some-mariadb --env MARIADB_ROOT_PASSWORD=my-secret-pw  mariadb:latest
 3538  sudo docker ps
 3539  telnet localhost 3306
 3540  sudo docker run --detach --name some-mariadb-1 --env MARIADB_ROOT_PASSWORD=my-secret-pw -p 3306:3306  mariadb:latest
 3541  telnet localhost 3306
 3542  cd
 3543  cd code/docker-nginx-vhost
 3544  ls
 3545  mkdir nginx
 3546  cd nginx
 3547  cd ../
 3548  pwd
 3549  cd nginx
 3550  clear
 3551  pwd
 3552  vi Dockerfile
 3553  sudo docker build -t nginx-my-build:0.1.0 -f Dockerfile
 3554  sudo docker buildx build -t nginx-my-build:0.1.0 -f Dockerfile
 3555  sudo docker build -t nginx-my-build:0.1.0 .
 3556  clear
 3557  pwd
 3558  ls
 3559  cd serv-a
 3560  ls
 3561  vi Dockerfile
 3562  cd code/docker-nginx-vhost
 3563  ls
 3564  cd serv-a
 3565  ls
 3566  docker build -t s-a:0.1.0 .
 3567  sudo docker build -t s-a:0.1.0 .
 3568  sudo docker images
 3569  sudo docker run --name s-a-1 -p 9999:80 -d s-a:0.1.0
 3570  sudo docker ps
 3571  clear
 3572  ls
 3573  vi Dockerfile
 3574  sudo docker build -t n-s-1:0.1.0 .
 3575  sudo docker images
 3576  clear
 3577  sudo docker images
 3578  sudo docker run -d --name s1-1 -p 9001:80 n-s-1
 3579  sudo docker run -d --name s1-1 -p 9001:80 n-s-1:0.1.0
 3580  cd ../
 3581  pwd
 3582  sudo docker build -t n-s-1:0.2.0 -f serv-a/Dockerfile
 3583  sudo docker build -t n-s-1:0.3.0 --file Dockerfile
 3584  clear
 3585  pwd
 3586  cd serv-a
 3587  pwd
 3588  clear
 3589  ls
 3590  sudo docker build -t test:0.1.0 -f Dockerfile .
 3591  cd ../
 3592  sudo docker build -t test:0.2.0 -f serv-a/Dockerfile .
 3593  cd ../
 3594  ls
 3595  cd docker-nginx-vhost
 3596  ls
 3597  cd serv-b
 3598  ls
 3599  cp ../serv-a/Dockerfile .
 3600  vi Dockerfile
 3601  sudo docker build -t n-s-2:0.1.0 .
 3602  sudo docker images
 3603  sudo docker run -d -p 9002:80 n-s-1:0.1.0
 3604  history
 3605  PWD
 3606  pwd
 3607  cat Dockerfile
 3608  PWD
 3609  pwd
 3610  vi Dockerfile
 3611  pwd
 3612  cd ../
 3613  sudo docker build -t t:1 serv-b/ .
 3614  sudo docker build -t t:1 -f serv-b/Dockerfile .
 3615  cat serv-b
 3616  cat serv-b/Dockerfile
 3617  PWD
 3618  pwd
 3619  cd ../
 3620  code .
 3621  history | grep default
 3622  history | grep network
 3623  history
 3624  cd 
 3625  pwd
 3626  cd code/
 3627  ls
 3628  cd code
 3629  pwd
 3630  cd docker-nginx-vhost
 3631  ls
 3632  tree
 3633  history
 3634  sudo docker ps
 3635  sudo docker ps -a
 3636  sudo docker ps -a -q
 3637  sudo docker ps -q
 3638  sudo docker stop $(sudo docker ps -q)
 3639  sudo docker rm $(sudo docker ps -a -q)
 3640  sudo docker images
 3641  sudo docker images -q
 3642  sudo docker rmi $(sudo docker images -q)
 3643  sudo docker images
 3644  sudo docker rmi dc5551fb0242
 3645  sudo docker rmi test:0.1.0
 3646  sudo docker rmi s-a:0.1.0
 3647  sudo docker rmi n-s-1:0.1.0
 3648  sudo docker images
 3649  pwd
 3650  ls
 3651  cd lb
 3652  sudo docker build -t pysatellite/lb:0.1.0 .
 3653  cd ../serv-a
 3654  sudo docker build -t pysatellite/serv-a:0.1.0 .
 3655  sudo docker push pysatellite/serv-a:0.1.0
 3656  sudo docker push pysatellite/lb:0.1.0 .
 3657  sudo docker push pysatellite/lb:0.1.0
 3658  cd ../serv-b
 3659  sudo docker build -t pysatellite/serv-b:0.1.0 .
 3660  sudo docker push pysatellite/serv-b:0.1.0
 3661  sudo docker network create -d bridge lb-net
 3662  sudo docker run -d -p 8001:80 --name lb --network lb-net pysatellite/lb:0.1.0
 3663  sudo docker run -d --name serv-a --network lb-net pysatellite/serv-a:0.1.0
 3664  sudo docker run -d --name serv-b --network lb-net pysatellite/serv-b:0.1.0
 3665  sudo docker ps
 3666  sudo docker ps -a
 3667  sudo docker logs lb
 3668  sudo docker rm lb
 3669  $ sudo docker run -d -p 8001:80 --name lb --network lb-net pysatellite/lb:0.1.0
 3670  sudo docker ps
 3671  curl http://localhost:8001
 3672  sudo docker exec -it serv-b bash
 3673  sudo docker ps
 3674  sudo docker exec -it lb bash
 3675  git add .
 3676  git commit -m "Dockerfile"
 3677  git push
 3678  sudo docker ps
 3679  curl http://localhost:8001
 3680  clear
 3681  cd code
 3682  git clone git@github.com:pySatellite/tomcat.git
 3683  cd tomcat
 3684  ls
 3685  git branch 20.0.0/super-tomcat
 3686  git checkout 20.0.0/super-tomcat
 3687  ls
 3688  vi README.md
 3689  git add .
 3690  git commit -m "super super"
 3691  git push
 3692  git push --set-upstream origin 20.0.0/super-tomcat
 3693  git branch 20.1.0/super-tomcat
 3694  git checkout 20.1.0/super-tomcat
 3695  vi README.md
 3696  git add .
 3697  git commit -m "KING"
 3698  git push
 3699  git push --set-upstream origin 20.1.0/super-tomcat
 3700  cd /var/run
 3701  ls
 3702  ls -l
 3703  ls -l docker*
 3704  cat docker.sock
 3705  sudo cat docker.sock
 3706  ls -l
 3707  docker run nginx
 3708  cd
 3709  cd code
 3710  ls
 3711  cd ubuntu-nginx
 3712  mkdir ubuntu-nginx
 3713  ls
 3714  cd ubuntu-nginx
 3715  ls
 3716  echo "# ubuntu-nginx" >> README.md\ngit init\ngit add README.md\ngit commit -m "first commit"\ngit branch -M main\ngit remote add origin git@github.com:pySatellite/ubuntu-nginx.git\ngit push -u origin main
 3717  ls
 3718  sudo docker ps -a
 3719  sudo docker ps -a -q
 3720  sudo docker stop $(sudo docker ps -a -q)
 3721  sudo docker rm $(sudo docker ps -a -q)
 3722  sudo docker rm $(sudo docker images -q)
 3723  sudo docker images
 3724  sudo docker images -q
 3725  sudo docker rmi $(sudo docker images -q)
 3726  sudo docker images
 3727  sudo docker ps
 3728  sudo docker pull ubuntu:22.04
 3729  sudo docker images
 3730  sudo docker run -it --name ubuntu-nginx ubuntu:22.04
 3731  sudo docker ps
 3732  sudo docker exec -it ubuntu-nginx bash
 3733  sudo docker run -it --name ubuntu-nginx-d -d ubuntu:22.04
 3734  sudo docker ps
 3735  sudo docker exec -it  ubuntu-nginx-d bash
 3736  sudo docker ps
 3737  sudo docker commit ubuntu-nginx-d ubuntu-nginx-d:0.1.0
 3738  sudo docker images
 3739  sudo docker run -itd --name ubuntu-nginx-1 -p 8888:80 ubuntu-nginx-d:0.1.0
 3740  sudo docker ps
 3741  sudo docker exec -it ubuntu-nginx-1 bash
 3742  cd code/ubuntu-nginx
 3743  ls
 3744  vi Dockerfile
 3745* history
 3746  sudo docker build -t undfile:0.1.0 .
 3747  sudo docker ps
 3748  sudo docker exec ubunt-nginx-d bash
 3749  sudo docker exec ubuntu-nginx-d bash
 3750  sudo docker exec -it ubuntu-nginx-d bash
 3751* git add .
 3752* git commit -m "[err] docker build Abort Y/n nginx install"
 3753* git push
 3754* git branch 0.1.1/fix-1-abort-install
 3755* git checkout 0.1.1/fix-1-abort-install
 3756* vi Dockerfile
 3757* sudo docker build -t undfile:0.1.1 .
 3758* git add .
 3759* git commit -m "fix err-1"
 3760* sudo docker images
 3761* sudo docker run -itd --name undfile-11 -p 8949:80 undfile:0.1.1
 3762* sudo docker ps
 3763* sudo docker logs  undfile-11
 3764* sudo docker ps -a
 3765* sudo docker start undfile-11;sudo docker logs undfile-11
 3766* sudo docker ps
 3767* cat Dockerfile
 3768* history
 3769* sudo docker run -it undfile:0.1.1
 3770* vi Dockerfile
 3771* sudo docker build -t undfile:0.1.2 .
 3772* sudo docker run -itd --name undfile-11 -p 8912:80 undfile:0.1.2
 3773* sudo docker run -itd --name undfile-12 -p 8912:80 undfile:0.1.2
 3774* sudo docker ps
 3775* sudo docker ps -a
 3776* vi Dockerfile
 3777* sudo docker build -t undfile:0.1.3 .
 3778* sudo docker run -itd --name undfile-13 -p 8913:80 undfile:0.1.3
 3779* sudo docker ps 
 3780* sudo docker ps -a
 3781* vi Dockerfile
 3782* sudo docker build -t undfile:0.1.4 .
 3783* sudo docker run -itd --name undfile-14 -p 8914:80 undfile:0.1.4
 3784* sudo docker ps
 3785* sudo docker exec -it ndfile-14 bash
 3786* sudo docker exec -it ndfile-14
 3787* sudo docker exec -it ndfile-14 bash
 3788* sudo docker exec -it undfile-14 bash
 3789  sudo docker pull ubuntu:22.04
 3790  sudo docker build -t ubuntu-nginx:0.1.0 .
 3791  sudo docker run --name ubuntu-test -d -p 9000:80 ubuntu-nginx:0.1.0
 3792  clear
 3793  cd ../
 3794  git clone git@github.com:minu1215/ubuntu-nginx.git
 3795  cd
 3796  cd temp
 3797  git clone git@github.com:minu1215/ubuntu-nginx.git
 3798  cd ubuntu-nginx
 3799  ls
 3800  sudo docker build -t gcc-nginx:0.1.0 .
 3801  sudo docker images
 3802  sudo docker run -itd -P --name gccnginx gcc-nginx:0.1.0
 3803  sudo docker ps
 3804* history | grep rmi
 3805* history | grep rm
 3806* sudo docker stop $(sudo docker ps -a -q)
 3807* sudo docker rm $(sudo docker ps -a -q)
 3808* sudo docker rmi $(sudo docker images -q)
 3809* sudo docker images
 3810* sudo docker rmi f60980c9d6f9 f60980c9d6f9
 3811* sudo docker rmi f60980c9d6f9
 3812* sudo docker rmi ubuntu-nginx:0.1.0
 3813* sudo docker rmi f60980c9d6f9
 3814* sudo docker images
 3815* clear
 3816* PS1=" $"
 3817* pwd
 3818* clear
 3819* sudo docker pull ubuntu:22.04
 3820  ls
 3821  vi Dockerfile.2
 3822* sudo docker images
 3823* sudo docker run -itd --name ubuntu-i-nginx ubuntu:22.04
 3824* sudo docker exec -it ubuntu-i-nginx bash
 3825  cat Dockerfile
 3826  vi Dockerfile.2
 3827  sudo docker build -t nnn:1 -f Dockerfile.2 .
 3828  ls
 3829  crontab -e
 3830  service cron status
 3831  service cron stop
 3832  systemctl status cron.service
 3833  systemctl stop cron.service
 3834  systemctl status cron.service
 3835  systemctl restart cron.service
 3836  sudo systemctl restart cron.service
 3837  sudo systemctl stop cron.service
 3838  systemctl status cron.service
 3839  sudo systemctl start cron.service
 3840  cat /var/log/syslog | grep CRON
 3841  clear
 3842  history
 3843  history | grep docker
 3844  sudo docker stop $(sudo docker ps -a -q)
 3845  sudo docker rmi $(sudo docker ps -a -q)
 3846  sudo docker rm $(sudo docker ps -a -q)
 3847  sudo docker rmi $(sudo docker images -q)
 3848  sudo docker images
 3849  ls
 3850  cd ../
 3851  cd
 3852  cd code
 3853  ls
 3854  unzip html5up-aerial.zip
 3855  sudo apt install unzip
 3856  unzip html5up-aerial.zip
 3857  ls
 3858  mkdir pysatellite.blog
 3859  cd pysatellite.blog
 3860  mv ../html5up-aerial.zip .
 3861  unzip html5up-aerial.zip
 3862  ls
 3863  rm *.zip
 3864  echo "# pysatellite.blog" >> README.md\ngit init\ngit add README.md\ngit commit -m "first commit"\ngit branch -M main\ngit remote add origin git@github.com:pySatellite/pysatellite.blog.git\ngit push -u origin main
 3865  git status
 3866  git add .
 3867  git commit -m "add"
 3868  git push
 3869  clear
 3870  git pull
 3871  git branch 240215.1/Dockerfile
 3872  git checkout 240215.1/Dockerfile
 3873  ls
 3874  vi Changlog.md
 3875  git add .
 3876  git commit -m "make Dockerfile"
 3877  git push
 3878  git push --set-upstream origin 240215.1/Dockerfile
 3879  PS1="$ "
 3880  clear
 3881* cd code/pysatellite.blog
 3882* clear
 3883  pwd
 3884  sudo docker run -dit ubuntu:22.04
 3885  sudo docker ps
 3886  sudo docker exec -it 362e1c1e57bf bash
 3887* vi Dockerfile
 3888* git add .
 3889* cat Dockerfile
 3890* vi Dockerfile
 3891  clear
 3892  pwd
 3893  ls
 3894  sudo docker build -t unginx:240215 .
 3895  sudo docker images
 3896  sudo docker ps -a
 3897  sudo docker stop 362e1c1e57bf;sudo docker rm 362e1c1e57bf
 3898  sudo docker images
 3899  sudo docker run -d -p 8888:80 unginx:240215
 3900  sudo docker ps
 3901* clear
 3902  history
 3903  pwd
